     1                                 %line 1+1 task2.asm
     2                                 [section .data]
     3 00000000 506C6561736520696E-     s1 db "Please input a lowercase character: "
     4 00000000 7075742061206C6F77-
     5 00000000 657263617365206368-
     6 00000000 617261637465723A20 
     7 00000024 496E20757070657263-     s2 db "In uppercase: "
     8 00000024 6173653A20         
     9 00000032 20                      i1 db 32
    10                                 
    11                                 [section .bss]
    12 00000000 <gap>                   c resb 16
    13                                 
    14                                 [section .text]
    15                                 [global _start]
    16                                 
    17                                 _start:
    18                                 
    19 00000000 E82A000000              call _print_s1
    20 00000005 E863000000              call _get_c
    21 0000000A E83F000000              call _print_s2
    22 0000000F E810000000              call _to_upper
    23 00000014 E873000000              call _print_c
    24 00000019 48C7C03C000000          mov rax, 60
    25 00000020 48C7C700000000          mov rdi, 0
    26 00000027 0F05                    syscall
    27                                 
    28                                 _to_upper:
    29                                 
    30 00000029 802C25[00000000]20      sub byte[c], 32
    31 00000031 0F05                    syscall
    32 00000033 C3                      ret
    33                                 
    34                                 _print_s1:
    35                                 
    36 00000034 48C7C001000000          mov rax, 1
    37 0000003B 48C7C701000000          mov rdi, 1
    38 00000042 48C7C6[00000000]        mov rsi, s1
    39 00000049 48C7C224000000          mov rdx, 36
    40 00000050 0F05                    syscall
    41 00000052 C3                      ret
    42                                 
    43                                 _print_s2:
    44                                 
    45 00000053 48C7C001000000          mov rax, 1
    46 0000005A 48C7C701000000          mov rdi, 1
    47 00000061 48C7C6[00000000]        mov rsi, s2
    48 00000068 48C7C20E000000          mov rdx, 14
    49 0000006F 0F05                    syscall
    50 00000071 C3                      ret
    51                                 
    52                                 _get_c:
    53                                 
    54 00000072 48C7C000000000          mov rax, 0
    55 00000079 48C7C700000000          mov rdi, 0
    56 00000080 48C7C6[00000000]        mov rsi, c
    57 00000087 48C7C210000000          mov rdx, 16
    58 0000008E 0F05                    syscall
    59 00000090 C3                      ret
    60                                 
    61                                 _print_c:
    62                                 
    63 00000091 48C7C001000000          mov rax, 1
    64 00000098 48C7C701000000          mov rdi, 1
    65 0000009F 48C7C6[00000000]        mov rsi, c
    66 000000A6 48C7C202000000          mov rdx, 2
    67 000000AD 0F05                    syscall
    68 000000AF C3                      ret
