     1                                 %line 1+1 task2.asm
     2                                 [section .data]
     3 00000000 02                      output db "", 2
     4 00000001 506C6561736520696E-     s1 dq "Please input a string: ", 10
     5 00000001 707574206120737472-
     6 00000001 696E673A20000A0000-
     7 00000001 0000000000         
     8 00000021 546865206E65772073-     s2 dq "The new string is: "
     9 00000021 7472696E672069733A-
    10 00000021 200000000000       
    11                                 
    12                                 
    13                                 [section .bss]
    14 00000000 <gap>                   input resb 1000
    15                                 
    16                                 [section .text]
    17                                 [global _start]
    18                                 
    19                                  _start:
    20 00000000 48C7C001000000          mov rax, 0x1
    21 00000007 48C7C701000000          mov rdi, 0x1
    22 0000000E 48C7C6[00000000]        mov rsi, s1
    23 00000015 48C7C217000000          mov rdx, 23
    24 0000001C 0F05                    syscall
    25                                 
    26 0000001E 48C7C000000000          mov rax, 0
    27 00000025 48C7C700000000          mov rdi, 0
    28 0000002C 48C7C6[00000000]        mov rsi, input
    29 00000033 48C7C2E8030000          mov rdx, 1000
    30 0000003A 0F05                    syscall
    31                                 
    32 0000003C B8[00000000]            mov eax, input
    33 00000041 48C7C100000000          mov rcx, 0
    34                                 
    35                                  Start:
    36 00000048 67803800                cmp byte [eax], 0x0
    37 0000004C 7420                    jz endloopfunction
    38                                 
    39                                 
    40                                 
    41 0000004E 67803820                cmp byte [eax], 32
    42 00000052 7412                    jz incCounter
    43                                 
    44 00000054 6780385A                cmp byte [eax], 90
    45 00000058 7C06                    jl isUpper
    46 0000005A EBFE                    jmp isLower
    47                                 
    48                                  isLower:
    49 0000005C 67802820                sub byte [eax], 32
    50 00000060 EB04                    jmp incCounter
    51                                 x
    52                                  isUpper:
    53 00000062 67800020                add byte [eax], 32
    54 00000066 EBFE                    jmp incCounter
    55                                 
    56                                  incCounter:
    57 00000068 48FFC1                  inc rcx
    58 0000006B 83C001                  add eax, 1
    59 0000006E EBD6                    jmp Start
    60                                 
    61                                  endloopfunction:
    62                                 
    63 00000070 4883E901                sub rcx, 1
    64 00000074 48890C25[00000000]      mov [output], rcx
    65                                 
    66 0000007C 48C7C213000000          mov rdx, 19
    67 00000083 48BE[00000000000000-     mov rsi, qword s2
    68 00000083 00]                
    69 0000008D 48C7C001000000          mov rax, 0x1
    70 00000094 48C7C701000000          mov rdi, 0x1
    71 0000009B 0F05                    syscall
    72                                 
    73 0000009D 4831C0                  xor rax, rax
    74 000000A0 4831DB                  xor rbx, rbx
    75 000000A3 48C7C001000000          mov rax, 1
    76 000000AA 48C7C701000000          mov rdi, 1
    77 000000B1 488B1425[00000000]      mov rdx, [output]
    78 000000B9 488D3425[00000000]      lea rsi, [input]
    79 000000C1 0F05                    syscall
    80                                 
    81 000000C3 48C7C03C000000          mov rax, 60
    82 000000CA 4831FF                  xor rdi, rdi
    83 000000CD 0F05                    syscall
    84                                 
