------------------------------------------------------------------------------------------------------------------------

[2022-08-03 14:43:28 #1 store] 
Database 'C:\Users\matth\Documents\GitHub\COS326\setup\objectdb-2.8.7\db\p2.odb' is opened by 36608@LAPTOP-7QGCNNPB

[2022-08-03 14:43:28 #2 store] 
Configuration path: C:\Users\matth\Documents\GitHub\COS326\setup\objectdb-2.8.7\objectdb.conf

[2022-08-03 14:43:29 #3 type] 
Type Point is not enhanced.

[2022-08-03 14:43:29 #4 store] 
Database 'C:\Users\matth\Documents\GitHub\COS326\setup\objectdb-2.8.7\db\p2.odb' is closed by 36608@LAPTOP-7QGCNNPB

------------------------------------------------------------------------------------------------------------------------

[2022-08-03 14:47:16 #1 store.file] 
readTextFile error.

[2022-08-03 14:47:16 #2 store.file] 
java.io.FileNotFoundException: C:\Users\matth\.objectdb\exolorer.xml (The system cannot find the file specified)
	at java.io.FileInputStream.open0(Native Method)
	at java.io.FileInputStream.open(FileInputStream.java:195)
	at java.io.FileInputStream.<init>(FileInputStream.java:138)
	at java.io.FileInputStream.<init>(FileInputStream.java:93)
	at com.objectdb.o.STH.B(STH.java:731)
	at com.objectdb.o.STH.A(STH.java:715)
	at com.objectdb.o.CNF.<init>(CNF.java:106)
	at com.objectdb.o.CNF.<clinit>(CNF.java:32)
	at com.objectdb.o.MainFrame.init(MainFrame.java:132)
	at com.objectdb.o.EXA.<init>(EXA.java:77)
	at com.objectdb.Explorer$1.run(Explorer.java:57)
	at java.awt.event.InvocationEvent.dispatch(InvocationEvent.java:311)
	at java.awt.EventQueue.dispatchEventImpl(EventQueue.java:758)
	at java.awt.EventQueue.access$500(EventQueue.java:97)
	at java.awt.EventQueue$3.run(EventQueue.java:709)
	at java.awt.EventQueue$3.run(EventQueue.java:703)
	at java.security.AccessController.doPrivileged(Native Method)
	at java.security.ProtectionDomain$JavaSecurityAccessImpl.doIntersectionPrivilege(ProtectionDomain.java:74)
	at java.awt.EventQueue.dispatchEvent(EventQueue.java:728)
	at java.awt.EventDispatchThread.pumpOneEventForFilters(EventDispatchThread.java:205)
	at java.awt.EventDispatchThread.pumpEventsForFilter(EventDispatchThread.java:116)
	at java.awt.EventDispatchThread.pumpEventsForHierarchy(EventDispatchThread.java:105)
	at java.awt.EventDispatchThread.pumpEvents(EventDispatchThread.java:101)
	at java.awt.EventDispatchThread.pumpEvents(EventDispatchThread.java:93)
	at java.awt.EventDispatchThread.run(EventDispatchThread.java:82)

[2022-08-03 14:47:16 #3 store] 
Database 'C:\Users\matth\Documents\GitHub\COS326\setup\objectdb-2.8.7\db\p2.odb' is opened by 41712@LAPTOP-7QGCNNPB

[2022-08-03 14:47:16 #4 store] 
Configuration path: C:\Users\matth\Documents\GitHub\COS326\setup\objectdb-2.8.7\objectdb.conf

[2022-08-03 14:47:16 #5 store.file] 
readTextFile error.

[2022-08-03 14:47:16 #6 store.file] 
java.io.FileNotFoundException: C:\Users\matth\.objectdb\exolorer.xml (The system cannot find the file specified)
	at java.io.FileInputStream.open0(Native Method)
	at java.io.FileInputStream.open(FileInputStream.java:195)
	at java.io.FileInputStream.<init>(FileInputStream.java:138)
	at java.io.FileInputStream.<init>(FileInputStream.java:93)
	at com.objectdb.o.STH.B(STH.java:731)
	at com.objectdb.o.STH.A(STH.java:715)
	at com.objectdb.o.CNF.<init>(CNF.java:106)
	at com.objectdb.o.CNF.f(CNF.java:130)
	at com.objectdb.o.CNC.s(CNC.java:119)
	at com.objectdb.o.EXA.<init>(EXA.java:87)
	at com.objectdb.Explorer$1.run(Explorer.java:57)
	at java.awt.event.InvocationEvent.dispatch(InvocationEvent.java:311)
	at java.awt.EventQueue.dispatchEventImpl(EventQueue.java:758)
	at java.awt.EventQueue.access$500(EventQueue.java:97)
	at java.awt.EventQueue$3.run(EventQueue.java:709)
	at java.awt.EventQueue$3.run(EventQueue.java:703)
	at java.security.AccessController.doPrivileged(Native Method)
	at java.security.ProtectionDomain$JavaSecurityAccessImpl.doIntersectionPrivilege(ProtectionDomain.java:74)
	at java.awt.EventQueue.dispatchEvent(EventQueue.java:728)
	at java.awt.EventDispatchThread.pumpOneEventForFilters(EventDispatchThread.java:205)
	at java.awt.EventDispatchThread.pumpEventsForFilter(EventDispatchThread.java:116)
	at java.awt.EventDispatchThread.pumpEventsForHierarchy(EventDispatchThread.java:105)
	at java.awt.EventDispatchThread.pumpEvents(EventDispatchThread.java:101)
	at java.awt.EventDispatchThread.pumpEvents(EventDispatchThread.java:93)
	at java.awt.EventDispatchThread.run(EventDispatchThread.java:82)

[2022-08-03 14:47:32 #7 store] 
Database 'C:\Users\matth\Documents\GitHub\COS326\setup\objectdb-2.8.7\db\p2.odb' is closed by 41712@LAPTOP-7QGCNNPB

------------------------------------------------------------------------------------------------------------------------

[2022-08-03 14:47:46 #1 store] 
Database 'C:\Users\matth\Documents\GitHub\COS326\setup\objectdb-2.8.7\db\p2.odb' is opened by 41244@LAPTOP-7QGCNNPB

[2022-08-03 14:47:46 #2 store] 
Configuration path: C:\Users\matth\Documents\GitHub\COS326\setup\objectdb-2.8.7\objectdb.conf

[2022-08-03 14:48:40 #3 store] 
Database 'C:\Users\matth\Documents\GitHub\COS326\setup\objectdb-2.8.7\db\p2.odb' is closed by 41244@LAPTOP-7QGCNNPB

------------------------------------------------------------------------------------------------------------------------

[2022-08-03 14:48:40 #1 store] 
Database 'C:\Users\matth\Documents\GitHub\COS326\setup\objectdb-2.8.7\db\p2.odb' is opened by 41724@LAPTOP-7QGCNNPB

[2022-08-03 14:48:40 #2 store] 
Configuration path: C:\Users\matth\Documents\GitHub\COS326\setup\objectdb-2.8.7\objectdb.conf

[2022-08-03 14:48:41 #3 type] 
Type Point is not enhanced.

[2022-08-03 14:48:42 #4 store] 
Database 'C:\Users\matth\Documents\GitHub\COS326\setup\objectdb-2.8.7\db\p2.odb' is closed by 41724@LAPTOP-7QGCNNPB

------------------------------------------------------------------------------------------------------------------------

[2022-08-03 14:49:09 #1 store] 
Database 'C:\Users\matth\Documents\GitHub\COS326\setup\objectdb-2.8.7\db\p2.odb' is opened by 39460@LAPTOP-7QGCNNPB

[2022-08-03 14:49:09 #2 store] 
Configuration path: C:\Users\matth\Documents\GitHub\COS326\setup\objectdb-2.8.7\objectdb.conf

[2022-08-03 14:49:28 #3 store] 
Database 'C:\Users\matth\Documents\GitHub\COS326\setup\objectdb-2.8.7\db\p2.odb' is closed by 39460@LAPTOP-7QGCNNPB

------------------------------------------------------------------------------------------------------------------------

[2022-08-03 14:56:02 #1 store] 
Database 'C:\Users\matth\Documents\GitHub\COS326\setup\objectdb-2.8.7\db\p2.odb' is opened by 42040@LAPTOP-7QGCNNPB

[2022-08-03 14:56:02 #2 store] 
Configuration path: C:\Users\matth\Documents\GitHub\COS326\setup\objectdb-2.8.7\objectdb.conf

[2022-08-03 14:56:03 #3 type] 
Type Point is not enhanced.

[2022-08-03 14:56:03 #4 store] 
Database 'C:\Users\matth\Documents\GitHub\COS326\setup\objectdb-2.8.7\db\p2.odb' is closed by 42040@LAPTOP-7QGCNNPB

------------------------------------------------------------------------------------------------------------------------

[2022-08-03 14:56:08 #1 store] 
Database 'C:\Users\matth\Documents\GitHub\COS326\setup\objectdb-2.8.7\db\p2.odb' is opened by 41848@LAPTOP-7QGCNNPB

[2022-08-03 14:56:08 #2 store] 
Configuration path: C:\Users\matth\Documents\GitHub\COS326\setup\objectdb-2.8.7\objectdb.conf

[2022-08-03 15:01:13 #3 store] 
Database 'C:\Users\matth\Documents\GitHub\COS326\setup\objectdb-2.8.7\db\p2.odb' is closed by 41848@LAPTOP-7QGCNNPB

------------------------------------------------------------------------------------------------------------------------

[2022-08-03 15:01:17 #1 store] 
Database 'C:\Users\matth\Documents\GitHub\COS326\setup\objectdb-2.8.7\db\p2.odb' is opened by 36912@LAPTOP-7QGCNNPB

[2022-08-03 15:01:17 #2 store] 
Configuration path: C:\Users\matth\Documents\GitHub\COS326\setup\objectdb-2.8.7\objectdb.conf

[2022-08-03 15:01:17 #3 type] 
Type Point is not enhanced.

[2022-08-03 15:01:17 #4 store] 
Database 'C:\Users\matth\Documents\GitHub\COS326\setup\objectdb-2.8.7\db\p2.odb' is closed by 36912@LAPTOP-7QGCNNPB

