     1                                 %line 1+1 task1.asm
     2                                 [section .data]
     3                                 
     4 00000000 506C6561736520656E-     s1 dq "Please enter a string: " ,10
     5 00000000 746572206120737472-
     6 00000000 696E673A20000A0000-
     7 00000000 0000000000         
     8 00000020 546865206C656E6774-     s2 dq "The length of the string is: ",10
     9 00000020 68206F662074686520-
    10 00000020 737472696E67206973-
    11 00000020 3A200000000A000000-
    12 00000020 00000000           
    13 00000048 0A                      in1 db "",0x0a
    14 00000049 0100000000000000        num dq "",1
    15 00000051 0100000000000000        len dq "",1
    16                                 
    17                                 [section .text]
    18                                 [global _start]
    19                                 
    20                                  _start:
    21                                 
    22 00000000 E809010000              call messages
    23                                 
    24 00000005 4831C0                  xor rax, rax
    25 00000008 4831D2                  xor rdx,rdx
    26 0000000B 4831C9                  xor rcx,rcx
    27 0000000E 48C7C2[00000000]        mov rdx, in1
    28 00000015 4889D6                  mov rsi,rdx
    29                                 
    30                                 looper:
    31 00000018 803E00                  cmp byte[rsi],0
    32 0000001B 7406                    je ext
    33 0000001D 48FFC1                  inc rcx
    34 00000020 48FFC6                  inc rsi
    35 00000023 EBF1                    jmp looper
    36                                 
    37                                 ext:
    38                                 
    39 00000025 E824010000              call calc1
    40                                 
    41 0000002A 4883F830                cmp rax,48
    42 0000002E 0F847A000000            jz one
    43                                 
    44 00000034 4831C9                  xor rcx,rcx
    45 00000037 4831C0                  xor rax,rax
    46 0000003A 4831DB                  xor rbx,rbx
    47 0000003D 48C7C001000000          mov rax,1
    48 00000044 48C7C701000000          mov rdi,1
    49 0000004B 48C7C21D000000          mov rdx, 29
    50 00000052 488D3425[00000000]      lea rsi, [s2]
    51 0000005A 0F05                    syscall
    52                                 
    53 0000005C 4831C0                  xor rax,rax
    54 0000005F 4831DB                  xor rbx,rbx
    55 00000062 4831C9                  xor rcx,rcx
    56 00000065 4831D2                  xor rdx,rdx
    57 00000068 48C7C001000000          mov rax,1
    58 0000006F 48C7C701000000          mov rdi,1
    59 00000076 48C7C201000000          mov rdx, 1
    60 0000007D 488D3425[00000000]      lea rsi, [num]
    61 00000085 0F05                    syscall
    62                                 
    63 00000087 4831C0                  xor rax,rax
    64 0000008A 4831DB                  xor rbx,rbx
    65 0000008D 4831C9                  xor rcx,rcx
    66 00000090 4831D2                  xor rdx,rdx
    67 00000093 48C7C001000000          mov rax,1
    68 0000009A 48C7C701000000          mov rdi,1
    69 000000A1 48C7C201000000          mov rdx, 1
    70 000000A8 488D3425[00000000]      lea rsi, [len]
    71 000000B0 0F05                    syscall
    72                                 
    73 000000B2 EB51                   jmp exitcode
    74                                 
    75                                 one:
    76                                 
    77 000000B4 4831C9                  xor rcx,rcx
    78 000000B7 4831C0                  xor rax,rax
    79 000000BA 4831DB                  xor rbx,rbx
    80 000000BD 48C7C001000000          mov rax,1
    81 000000C4 48C7C701000000          mov rdi,1
    82 000000CB 48C7C21D000000          mov rdx, 29
    83 000000D2 488D3425[00000000]      lea rsi, [s2]
    84 000000DA 0F05                    syscall
    85                                 
    86 000000DC 4831D2                  xor rdx,rdx
    87 000000DF 4831C9                  xor rcx,rcx
    88 000000E2 4831C0                  xor rax,rax
    89 000000E5 4831DB                  xor rbx,rbx
    90 000000E8 48C7C001000000          mov rax,1
    91 000000EF 48C7C701000000          mov rdi,1
    92 000000F6 48C7C201000000          mov rdx, 1
    93 000000FD 488D3425[00000000]      lea rsi, [len]
    94 00000105 0F05                    syscall
    95                                 
    96                                  exitcode:
    97 00000107 48C7C03C000000          mov rax,60
    98 0000010E 4831FF                  xor rdi,rdi
    99 00000111 0F05                    syscall
   100                                 
   101                                 messages:
   102 00000113 48C7C001000000          mov rax, 0x1
   103 0000011A 48C7C701000000          mov rdi, 0x1
   104 00000121 48BE[00000000000000-     mov rsi, qword s1
   105 00000121 00]                
   106 0000012B 48C7C217000000          mov rdx,23
   107 00000132 0F05                    syscall
   108                                 
   109 00000134 48C7C000000000          mov rax, 0x0
   110 0000013B 48C7C700000000          mov rdi, 0x0
   111 00000142 48C7C6[00000000]        mov rsi, in1
   112 00000149 48C7C284000000          mov rdx,132
   113 00000150 0F05                    syscall
   114 00000152 C3                      ret
   115                                 
   116                                 calc1:
   117                                 
   118 00000153 4889C8                  mov rax,rcx
   119 00000156 4831D2                  xor rdx,rdx
   120 00000159 49C7C20A000000          mov r10,10
   121 00000160 49F7F2                  div r10
   122 00000163 4883C030                add rax,'0'
   123 00000167 4883C230                add rdx,'0'
   124 0000016B 4989C3                  mov r11,rax
   125 0000016E 4989D4                  mov r12,rdx
   126 00000171 4C891C25[00000000]      mov [num],r11
   127 00000179 4C892425[00000000]      mov [len],r12
   128 00000181 4883C101                add rcx,1
   129 00000185 4831D2                  xor rdx,rdx
   130 00000188 C3                      ret
