------------------------------------------------------------------------------------------------------------------------

[2022-08-08 13:39:06 #1 store] 
Database 'C:\Users\matth\Documents\GitHub\COS326\Practical 1\u20734621\Source\objectdb-2.8.7\db\p2.odb' is opened by 11316@LAPTOP-7QGCNNPB

[2022-08-08 13:39:06 #2 store] 
Configuration path: C:\Users\matth\Documents\GitHub\COS326\Practical 1\u20734621\Source\objectdb-2.8.7\objectdb.conf

------------------------------------------------------------------------------------------------------------------------

[2022-08-08 13:39:37 #1 store] 
Database 'C:\Users\matth\Documents\GitHub\COS326\Practical 1\u20734621\Source\objectdb-2.8.7\db\p2.odb' has been recovered (tr. 1-2)

[2022-08-08 13:39:37 #2 store] 
Database 'C:\Users\matth\Documents\GitHub\COS326\Practical 1\u20734621\Source\objectdb-2.8.7\db\p2.odb' is opened by 11956@LAPTOP-7QGCNNPB

[2022-08-08 13:39:37 #3 store] 
Configuration path: C:\Users\matth\Documents\GitHub\COS326\Practical 1\u20734621\Source\objectdb-2.8.7\objectdb.conf

------------------------------------------------------------------------------------------------------------------------

[2022-08-08 13:40:18 #1 store] 
Database 'C:\Users\matth\Documents\GitHub\COS326\Practical 1\u20734621\Source\objectdb-2.8.7\db\p2.odb' is opened by 44332@LAPTOP-7QGCNNPB

[2022-08-08 13:40:18 #2 store] 
Configuration path: C:\Users\matth\Documents\GitHub\COS326\Practical 1\u20734621\Source\objectdb-2.8.7\objectdb.conf

[2022-08-08 13:40:23 #3 store] 
Database 'C:\Users\matth\Documents\GitHub\COS326\Practical 1\u20734621\Source\objectdb-2.8.7\db\p2.odb' is closed by 44332@LAPTOP-7QGCNNPB

------------------------------------------------------------------------------------------------------------------------

[2022-08-08 13:41:19 #1 store] 
Database 'C:\Users\matth\Documents\GitHub\COS326\Practical 1\u20734621\Source\objectdb-2.8.7\db\p2.odb' is opened by 56264@LAPTOP-7QGCNNPB

[2022-08-08 13:41:19 #2 store] 
Configuration path: C:\Users\matth\Documents\GitHub\COS326\Practical 1\u20734621\Source\objectdb-2.8.7\objectdb.conf

[2022-08-08 13:41:30 #3 store] 
Database 'C:\Users\matth\Documents\GitHub\COS326\Practical 1\u20734621\Source\objectdb-2.8.7\db\p2.odb' is closed by 56264@LAPTOP-7QGCNNPB

------------------------------------------------------------------------------------------------------------------------

[2022-08-08 13:44:59 #1 store] 
Database 'C:\Users\matth\Documents\GitHub\COS326\Practical 1\u20734621\Source\objectdb-2.8.7\db\p2.odb' is opened by 50336@LAPTOP-7QGCNNPB

[2022-08-08 13:44:59 #2 store] 
Configuration path: C:\Users\matth\Documents\GitHub\COS326\Practical 1\u20734621\Source\objectdb-2.8.7\objectdb.conf

[2022-08-08 13:45:00 #3 type] 
Type Student is not enhanced.

------------------------------------------------------------------------------------------------------------------------

[2022-08-08 13:45:19 #1 store] 
Database 'C:\Users\matth\Documents\GitHub\COS326\Practical 1\u20734621\Source\objectdb-2.8.7\db\p2.odb' has been recovered (tr. 3-3)

[2022-08-08 13:45:19 #2 store] 
Database 'C:\Users\matth\Documents\GitHub\COS326\Practical 1\u20734621\Source\objectdb-2.8.7\db\p2.odb' is opened by 34812@LAPTOP-7QGCNNPB

[2022-08-08 13:45:19 #3 store] 
Configuration path: C:\Users\matth\Documents\GitHub\COS326\Practical 1\u20734621\Source\objectdb-2.8.7\objectdb.conf

[2022-08-08 13:45:19 #4 type] 
Type Student is not enhanced.

[2022-08-08 13:45:24 #5 store] 
Database 'C:\Users\matth\Documents\GitHub\COS326\Practical 1\u20734621\Source\objectdb-2.8.7\db\p2.odb' is closed by 34812@LAPTOP-7QGCNNPB

------------------------------------------------------------------------------------------------------------------------

[2022-08-08 13:48:16 #1 store] 
Database 'C:\Users\matth\Documents\GitHub\COS326\Practical 1\u20734621\Source\objectdb-2.8.7\db\p2.odb' is opened by 7856@LAPTOP-7QGCNNPB

[2022-08-08 13:48:16 #2 store] 
Configuration path: C:\Users\matth\Documents\GitHub\COS326\Practical 1\u20734621\Source\objectdb-2.8.7\objectdb.conf

[2022-08-08 13:48:16 #3 type] 
Type Student is not enhanced.

[2022-08-08 13:49:48 #4 store] 
Database 'C:\Users\matth\Documents\GitHub\COS326\Practical 1\u20734621\Source\objectdb-2.8.7\db\p2.odb' is closed by 7856@LAPTOP-7QGCNNPB

------------------------------------------------------------------------------------------------------------------------

[2022-08-08 14:11:23 #1 store] 
Database 'C:\Users\matth\Documents\GitHub\COS326\Practical 1\u20734621\Source\objectdb-2.8.7\db\p2.odb' is opened by 57272@LAPTOP-7QGCNNPB

[2022-08-08 14:11:23 #2 store] 
Configuration path: C:\Users\matth\Documents\GitHub\COS326\Practical 1\u20734621\Source\objectdb-2.8.7\objectdb.conf

[2022-08-08 14:11:23 #3 type] 
Type Student is not enhanced.

------------------------------------------------------------------------------------------------------------------------

[2022-08-08 14:13:19 #1 store] 
Database 'C:\Users\matth\Documents\GitHub\COS326\Practical 1\u20734621\Source\objectdb-2.8.7\db\p2.odb' is opened by 6052@LAPTOP-7QGCNNPB

[2022-08-08 14:13:19 #2 store] 
Configuration path: C:\Users\matth\Documents\GitHub\COS326\Practical 1\u20734621\Source\objectdb-2.8.7\objectdb.conf

[2022-08-08 14:13:19 #3 type] 
Type Student is not enhanced.

------------------------------------------------------------------------------------------------------------------------

[2022-08-08 14:15:25 #1 store] 
Database 'C:\Users\matth\Documents\GitHub\COS326\Practical 1\u20734621\Source\objectdb-2.8.7\db\p2.odb' is opened by 8716@LAPTOP-7QGCNNPB

[2022-08-08 14:15:25 #2 store] 
Configuration path: C:\Users\matth\Documents\GitHub\COS326\Practical 1\u20734621\Source\objectdb-2.8.7\objectdb.conf

[2022-08-08 14:15:25 #3 type] 
Type Student is not enhanced.

------------------------------------------------------------------------------------------------------------------------

[2022-08-08 14:17:39 #1 store] 
Database 'C:\Users\matth\Documents\GitHub\COS326\Practical 1\u20734621\Source\objectdb-2.8.7\db\p2.odb' is opened by 2236@LAPTOP-7QGCNNPB

[2022-08-08 14:17:39 #2 store] 
Configuration path: C:\Users\matth\Documents\GitHub\COS326\Practical 1\u20734621\Source\objectdb-2.8.7\objectdb.conf

[2022-08-08 14:17:39 #3 type] 
Type Student is not enhanced.

------------------------------------------------------------------------------------------------------------------------

[2022-08-08 14:21:34 #1 store] 
Database 'C:\Users\matth\Documents\GitHub\COS326\Practical 1\u20734621\Source\objectdb-2.8.7\db\p2.odb' is opened by 58124@LAPTOP-7QGCNNPB

[2022-08-08 14:21:34 #2 store] 
Configuration path: C:\Users\matth\Documents\GitHub\COS326\Practical 1\u20734621\Source\objectdb-2.8.7\objectdb.conf

[2022-08-08 14:21:34 #3 type] 
Type Student is not enhanced.

------------------------------------------------------------------------------------------------------------------------

[2022-08-08 14:21:57 #1 store] 
Database 'C:\Users\matth\Documents\GitHub\COS326\Practical 1\u20734621\Source\objectdb-2.8.7\db\p2.odb' is opened by 36808@LAPTOP-7QGCNNPB

[2022-08-08 14:21:57 #2 store] 
Configuration path: C:\Users\matth\Documents\GitHub\COS326\Practical 1\u20734621\Source\objectdb-2.8.7\objectdb.conf

[2022-08-08 14:21:57 #3 type] 
Type Student is not enhanced.

------------------------------------------------------------------------------------------------------------------------

[2022-08-08 14:23:07 #1 store] 
Database 'C:\Users\matth\Documents\GitHub\COS326\Practical 1\u20734621\Source\objectdb-2.8.7\db\p2.odb' is opened by 55040@LAPTOP-7QGCNNPB

[2022-08-08 14:23:07 #2 store] 
Configuration path: C:\Users\matth\Documents\GitHub\COS326\Practical 1\u20734621\Source\objectdb-2.8.7\objectdb.conf

[2022-08-08 14:23:07 #3 type] 
Type Student is not enhanced.

[2022-08-08 14:23:16 #4 store] 
Database 'C:\Users\matth\Documents\GitHub\COS326\Practical 1\u20734621\Source\objectdb-2.8.7\db\p2.odb' is closed by 55040@LAPTOP-7QGCNNPB

------------------------------------------------------------------------------------------------------------------------

[2022-08-08 14:23:54 #1 store] 
Database 'C:\Users\matth\Documents\GitHub\COS326\Practical 1\u20734621\Source\objectdb-2.8.7\db\p2.odb' is opened by 58816@LAPTOP-7QGCNNPB

[2022-08-08 14:23:54 #2 store] 
Configuration path: C:\Users\matth\Documents\GitHub\COS326\Practical 1\u20734621\Source\objectdb-2.8.7\objectdb.conf

[2022-08-08 14:23:54 #3 type] 
Type Student is not enhanced.

------------------------------------------------------------------------------------------------------------------------

[2022-08-08 14:24:37 #1 store] 
Database 'C:\Users\matth\Documents\GitHub\COS326\Practical 1\u20734621\Source\objectdb-2.8.7\db\p2.odb' is opened by 34184@LAPTOP-7QGCNNPB

[2022-08-08 14:24:37 #2 store] 
Configuration path: C:\Users\matth\Documents\GitHub\COS326\Practical 1\u20734621\Source\objectdb-2.8.7\objectdb.conf

[2022-08-08 14:24:38 #3 type] 
Type Student is not enhanced.

[2022-08-08 14:25:25 #4 store] 
Database 'C:\Users\matth\Documents\GitHub\COS326\Practical 1\u20734621\Source\objectdb-2.8.7\db\p2.odb' is closed by 34184@LAPTOP-7QGCNNPB

------------------------------------------------------------------------------------------------------------------------

[2022-08-08 14:25:57 #1 store] 
Database 'C:\Users\matth\Documents\GitHub\COS326\Practical 1\u20734621\Source\objectdb-2.8.7\db\p2.odb' is opened by 42700@LAPTOP-7QGCNNPB

[2022-08-08 14:25:57 #2 store] 
Configuration path: C:\Users\matth\Documents\GitHub\COS326\Practical 1\u20734621\Source\objectdb-2.8.7\objectdb.conf

[2022-08-08 14:26:14 #3 store] 
Database 'C:\Users\matth\Documents\GitHub\COS326\Practical 1\u20734621\Source\objectdb-2.8.7\db\p2.odb' is closed by 42700@LAPTOP-7QGCNNPB

------------------------------------------------------------------------------------------------------------------------

[2022-08-08 14:26:50 #1 store] 
Database 'C:\Users\matth\Documents\GitHub\COS326\Practical 1\u20734621\Source\objectdb-2.8.7\db\p2.odb' is opened by 58572@LAPTOP-7QGCNNPB

[2022-08-08 14:26:50 #2 store] 
Configuration path: C:\Users\matth\Documents\GitHub\COS326\Practical 1\u20734621\Source\objectdb-2.8.7\objectdb.conf

[2022-08-08 14:26:50 #3 type] 
Type Student is not enhanced.

[2022-08-08 14:26:54 #4 store] 
Database 'C:\Users\matth\Documents\GitHub\COS326\Practical 1\u20734621\Source\objectdb-2.8.7\db\p2.odb' is closed by 58572@LAPTOP-7QGCNNPB

------------------------------------------------------------------------------------------------------------------------

[2022-08-08 14:26:56 #1 store] 
Database 'C:\Users\matth\Documents\GitHub\COS326\Practical 1\u20734621\Source\objectdb-2.8.7\db\p2.odb' is opened by 4868@LAPTOP-7QGCNNPB

[2022-08-08 14:26:56 #2 store] 
Configuration path: C:\Users\matth\Documents\GitHub\COS326\Practical 1\u20734621\Source\objectdb-2.8.7\objectdb.conf

[2022-08-08 14:26:57 #3 type] 
Type Student is not enhanced.

[2022-08-08 14:27:09 #4 store] 
Database 'C:\Users\matth\Documents\GitHub\COS326\Practical 1\u20734621\Source\objectdb-2.8.7\db\p2.odb' is closed by 4868@LAPTOP-7QGCNNPB

------------------------------------------------------------------------------------------------------------------------

[2022-08-08 14:27:49 #1 store] 
Database 'C:\Users\matth\Documents\GitHub\COS326\Practical 1\u20734621\Source\objectdb-2.8.7\db\p2.odb' is opened by 46984@LAPTOP-7QGCNNPB

[2022-08-08 14:27:49 #2 store] 
Configuration path: C:\Users\matth\Documents\GitHub\COS326\Practical 1\u20734621\Source\objectdb-2.8.7\objectdb.conf

[2022-08-08 14:27:49 #3 type] 
Type Student is not enhanced.

------------------------------------------------------------------------------------------------------------------------

[2022-08-08 14:29:40 #1 store] 
Database 'C:\Users\matth\Documents\GitHub\COS326\Practical 1\u20734621\Source\objectdb-2.8.7\db\p2.odb' is opened by 38488@LAPTOP-7QGCNNPB

[2022-08-08 14:29:40 #2 store] 
Configuration path: C:\Users\matth\Documents\GitHub\COS326\Practical 1\u20734621\Source\objectdb-2.8.7\objectdb.conf

[2022-08-08 14:29:41 #3 type] 
Type Student is not enhanced.

[2022-08-08 14:29:48 #4 store] 
Database 'C:\Users\matth\Documents\GitHub\COS326\Practical 1\u20734621\Source\objectdb-2.8.7\db\p2.odb' is closed by 38488@LAPTOP-7QGCNNPB

------------------------------------------------------------------------------------------------------------------------

[2022-08-08 14:30:07 #1 store] 
Database 'C:\Users\matth\Documents\GitHub\COS326\Practical 1\u20734621\Source\objectdb-2.8.7\db\p2.odb' is opened by 45568@LAPTOP-7QGCNNPB

[2022-08-08 14:30:07 #2 store] 
Configuration path: C:\Users\matth\Documents\GitHub\COS326\Practical 1\u20734621\Source\objectdb-2.8.7\objectdb.conf

[2022-08-08 14:30:07 #3 type] 
Type Student is not enhanced.

------------------------------------------------------------------------------------------------------------------------

[2022-08-08 14:45:42 #1 store] 
Database 'C:\Users\matth\Documents\GitHub\COS326\Practical 1\u20734621\Source\objectdb-2.8.7\db\p2.odb' is opened by 57960@LAPTOP-7QGCNNPB

[2022-08-08 14:45:42 #2 store] 
Configuration path: C:\Users\matth\Documents\GitHub\COS326\Practical 1\u20734621\Source\objectdb-2.8.7\objectdb.conf

[2022-08-08 14:45:42 #3 type] 
Type Student is not enhanced.

------------------------------------------------------------------------------------------------------------------------

[2022-08-08 14:46:21 #1 store] 
Database 'C:\Users\matth\Documents\GitHub\COS326\Practical 1\u20734621\Source\objectdb-2.8.7\db\p2.odb' is opened by 25100@LAPTOP-7QGCNNPB

[2022-08-08 14:46:21 #2 store] 
Configuration path: C:\Users\matth\Documents\GitHub\COS326\Practical 1\u20734621\Source\objectdb-2.8.7\objectdb.conf

[2022-08-08 14:46:21 #3 type] 
Type Student is not enhanced.

------------------------------------------------------------------------------------------------------------------------

[2022-08-08 14:46:45 #1 store] 
Database 'C:\Users\matth\Documents\GitHub\COS326\Practical 1\u20734621\Source\objectdb-2.8.7\db\p2.odb' is opened by 11164@LAPTOP-7QGCNNPB

[2022-08-08 14:46:45 #2 store] 
Configuration path: C:\Users\matth\Documents\GitHub\COS326\Practical 1\u20734621\Source\objectdb-2.8.7\objectdb.conf

[2022-08-08 14:46:45 #3 type] 
Type Student is not enhanced.

[2022-08-08 14:46:59 #4 store] 
Database 'C:\Users\matth\Documents\GitHub\COS326\Practical 1\u20734621\Source\objectdb-2.8.7\db\p2.odb' is closed by 11164@LAPTOP-7QGCNNPB

------------------------------------------------------------------------------------------------------------------------

[2022-08-08 14:47:17 #1 store] 
Database 'C:\Users\matth\Documents\GitHub\COS326\Practical 1\u20734621\Source\objectdb-2.8.7\db\p2.odb' is opened by 57444@LAPTOP-7QGCNNPB

[2022-08-08 14:47:17 #2 store] 
Configuration path: C:\Users\matth\Documents\GitHub\COS326\Practical 1\u20734621\Source\objectdb-2.8.7\objectdb.conf

[2022-08-08 14:47:17 #3 type] 
Type Student is not enhanced.

------------------------------------------------------------------------------------------------------------------------

[2022-08-08 14:47:32 #1 store] 
Database 'C:\Users\matth\Documents\GitHub\COS326\Practical 1\u20734621\Source\objectdb-2.8.7\db\p2.odb' is opened by 6912@LAPTOP-7QGCNNPB

[2022-08-08 14:47:32 #2 store] 
Configuration path: C:\Users\matth\Documents\GitHub\COS326\Practical 1\u20734621\Source\objectdb-2.8.7\objectdb.conf

[2022-08-08 14:47:32 #3 type] 
Type Student is not enhanced.

------------------------------------------------------------------------------------------------------------------------

[2022-08-08 14:47:49 #1 store] 
Database 'C:\Users\matth\Documents\GitHub\COS326\Practical 1\u20734621\Source\objectdb-2.8.7\db\p2.odb' is opened by 52248@LAPTOP-7QGCNNPB

[2022-08-08 14:47:49 #2 store] 
Configuration path: C:\Users\matth\Documents\GitHub\COS326\Practical 1\u20734621\Source\objectdb-2.8.7\objectdb.conf

[2022-08-08 14:47:49 #3 type] 
Type Student is not enhanced.

------------------------------------------------------------------------------------------------------------------------

[2022-08-08 14:48:18 #1 store] 
Database 'C:\Users\matth\Documents\GitHub\COS326\Practical 1\u20734621\Source\objectdb-2.8.7\db\p2.odb' is opened by 53728@LAPTOP-7QGCNNPB

[2022-08-08 14:48:18 #2 store] 
Configuration path: C:\Users\matth\Documents\GitHub\COS326\Practical 1\u20734621\Source\objectdb-2.8.7\objectdb.conf

[2022-08-08 14:48:18 #3 type] 
Type Student is not enhanced.

------------------------------------------------------------------------------------------------------------------------

[2022-08-08 14:48:47 #1 store] 
Database 'C:\Users\matth\Documents\GitHub\COS326\Practical 1\u20734621\Source\objectdb-2.8.7\db\p2.odb' is opened by 52580@LAPTOP-7QGCNNPB

[2022-08-08 14:48:47 #2 store] 
Configuration path: C:\Users\matth\Documents\GitHub\COS326\Practical 1\u20734621\Source\objectdb-2.8.7\objectdb.conf

[2022-08-08 14:48:47 #3 type] 
Type Student is not enhanced.

[2022-08-08 14:48:56 #4 store] 
Database 'C:\Users\matth\Documents\GitHub\COS326\Practical 1\u20734621\Source\objectdb-2.8.7\db\p2.odb' is closed by 52580@LAPTOP-7QGCNNPB

------------------------------------------------------------------------------------------------------------------------

[2022-08-08 14:49:07 #1 store] 
Database 'C:\Users\matth\Documents\GitHub\COS326\Practical 1\u20734621\Source\objectdb-2.8.7\db\p2.odb' is opened by 31176@LAPTOP-7QGCNNPB

[2022-08-08 14:49:07 #2 store] 
Configuration path: C:\Users\matth\Documents\GitHub\COS326\Practical 1\u20734621\Source\objectdb-2.8.7\objectdb.conf

[2022-08-08 14:49:07 #3 type] 
Type Student is not enhanced.

[2022-08-08 14:53:04 #4 store] 
Database 'C:\Users\matth\Documents\GitHub\COS326\Practical 1\u20734621\Source\objectdb-2.8.7\db\p2.odb' is closed by 31176@LAPTOP-7QGCNNPB

------------------------------------------------------------------------------------------------------------------------

[2022-08-08 14:53:12 #1 store] 
Database 'C:\Users\matth\Documents\GitHub\COS326\Practical 1\u20734621\Source\objectdb-2.8.7\db\p2.odb' is opened by 48580@LAPTOP-7QGCNNPB

[2022-08-08 14:53:12 #2 store] 
Configuration path: C:\Users\matth\Documents\GitHub\COS326\Practical 1\u20734621\Source\objectdb-2.8.7\objectdb.conf

[2022-08-08 14:53:12 #3 type] 
Type Student is not enhanced.

------------------------------------------------------------------------------------------------------------------------

[2022-08-08 14:54:28 #1 store] 
Database 'C:\Users\matth\Documents\GitHub\COS326\Practical 1\u20734621\Source\objectdb-2.8.7\db\p2.odb' is opened by 51260@LAPTOP-7QGCNNPB

[2022-08-08 14:54:28 #2 store] 
Configuration path: C:\Users\matth\Documents\GitHub\COS326\Practical 1\u20734621\Source\objectdb-2.8.7\objectdb.conf

[2022-08-08 14:54:28 #3 type] 
Type Student is not enhanced.

------------------------------------------------------------------------------------------------------------------------

[2022-08-08 14:55:21 #1 store] 
Database 'C:\Users\matth\Documents\GitHub\COS326\Practical 1\u20734621\Source\objectdb-2.8.7\db\p2.odb' is opened by 54288@LAPTOP-7QGCNNPB

[2022-08-08 14:55:21 #2 store] 
Configuration path: C:\Users\matth\Documents\GitHub\COS326\Practical 1\u20734621\Source\objectdb-2.8.7\objectdb.conf

[2022-08-08 14:55:21 #3 type] 
Type Student is not enhanced.

------------------------------------------------------------------------------------------------------------------------

[2022-08-08 15:00:06 #1 store] 
Database 'C:\Users\matth\Documents\GitHub\COS326\Practical 1\u20734621\Source\objectdb-2.8.7\db\p2.odb' is opened by 50572@LAPTOP-7QGCNNPB

[2022-08-08 15:00:06 #2 store] 
Configuration path: C:\Users\matth\Documents\GitHub\COS326\Practical 1\u20734621\Source\objectdb-2.8.7\objectdb.conf

[2022-08-08 15:04:27 #3 store] 
Database 'C:\Users\matth\Documents\GitHub\COS326\Practical 1\u20734621\Source\objectdb-2.8.7\db\p2.odb' is closed by 50572@LAPTOP-7QGCNNPB

------------------------------------------------------------------------------------------------------------------------

[2022-08-08 15:04:34 #1 store] 
Database 'C:\Users\matth\Documents\GitHub\COS326\Practical 1\u20734621\Source\objectdb-2.8.7\db\p2.odb' is opened by 45112@LAPTOP-7QGCNNPB

[2022-08-08 15:04:34 #2 store] 
Configuration path: C:\Users\matth\Documents\GitHub\COS326\Practical 1\u20734621\Source\objectdb-2.8.7\objectdb.conf

[2022-08-08 15:04:34 #3 type] 
Type Student is not enhanced.

------------------------------------------------------------------------------------------------------------------------

[2022-08-08 15:06:11 #1 store] 
Database 'C:\Users\matth\Documents\GitHub\COS326\Practical 1\u20734621\Source\objectdb-2.8.7\db\p2.odb' is opened by 37940@LAPTOP-7QGCNNPB

[2022-08-08 15:06:11 #2 store] 
Configuration path: C:\Users\matth\Documents\GitHub\COS326\Practical 1\u20734621\Source\objectdb-2.8.7\objectdb.conf

[2022-08-08 15:06:11 #3 type] 
Type Student is not enhanced.

[2022-08-08 15:06:49 #4 store] 
Database 'C:\Users\matth\Documents\GitHub\COS326\Practical 1\u20734621\Source\objectdb-2.8.7\db\p2.odb' is closed by 37940@LAPTOP-7QGCNNPB

------------------------------------------------------------------------------------------------------------------------

[2022-08-08 15:06:53 #1 store] 
Database 'C:\Users\matth\Documents\GitHub\COS326\Practical 1\u20734621\Source\objectdb-2.8.7\db\p2.odb' is opened by 57996@LAPTOP-7QGCNNPB

[2022-08-08 15:06:53 #2 store] 
Configuration path: C:\Users\matth\Documents\GitHub\COS326\Practical 1\u20734621\Source\objectdb-2.8.7\objectdb.conf

[2022-08-08 15:08:57 #3 store] 
Database 'C:\Users\matth\Documents\GitHub\COS326\Practical 1\u20734621\Source\objectdb-2.8.7\db\p2.odb' is closed by 57996@LAPTOP-7QGCNNPB

------------------------------------------------------------------------------------------------------------------------

[2022-08-08 15:09:04 #1 store] 
Database 'C:\Users\matth\Documents\GitHub\COS326\Practical 1\u20734621\Source\objectdb-2.8.7\db\p2.odb' is opened by 51148@LAPTOP-7QGCNNPB

[2022-08-08 15:09:04 #2 store] 
Configuration path: C:\Users\matth\Documents\GitHub\COS326\Practical 1\u20734621\Source\objectdb-2.8.7\objectdb.conf

[2022-08-08 15:09:04 #3 type] 
Type Student is not enhanced.

[2022-08-08 15:09:19 #4 store] 
Database 'C:\Users\matth\Documents\GitHub\COS326\Practical 1\u20734621\Source\objectdb-2.8.7\db\p2.odb' is closed by 51148@LAPTOP-7QGCNNPB

------------------------------------------------------------------------------------------------------------------------

[2022-08-08 15:10:04 #1 store] 
Database 'C:\Users\matth\Documents\GitHub\COS326\Practical 1\u20734621\Source\objectdb-2.8.7\db\p2.odb' is opened by 20396@LAPTOP-7QGCNNPB

[2022-08-08 15:10:04 #2 store] 
Configuration path: C:\Users\matth\Documents\GitHub\COS326\Practical 1\u20734621\Source\objectdb-2.8.7\objectdb.conf

[2022-08-08 15:10:05 #3 type] 
Type Student is not enhanced.

[2022-08-08 15:10:36 #4 store] 
Database 'C:\Users\matth\Documents\GitHub\COS326\Practical 1\u20734621\Source\objectdb-2.8.7\db\p2.odb' is closed by 20396@LAPTOP-7QGCNNPB

------------------------------------------------------------------------------------------------------------------------

[2022-08-08 15:10:55 #1 store] 
Database 'C:\Users\matth\Documents\GitHub\COS326\Practical 1\u20734621\Source\objectdb-2.8.7\db\p2.odb' is opened by 56584@LAPTOP-7QGCNNPB

[2022-08-08 15:10:55 #2 store] 
Configuration path: C:\Users\matth\Documents\GitHub\COS326\Practical 1\u20734621\Source\objectdb-2.8.7\objectdb.conf

[2022-08-08 15:10:55 #3 type] 
Type Student is not enhanced.

[2022-08-08 15:11:09 #4 store] 
Database 'C:\Users\matth\Documents\GitHub\COS326\Practical 1\u20734621\Source\objectdb-2.8.7\db\p2.odb' is closed by 56584@LAPTOP-7QGCNNPB

------------------------------------------------------------------------------------------------------------------------

[2022-08-08 15:11:29 #1 store] 
Database 'C:\Users\matth\Documents\GitHub\COS326\Practical 1\u20734621\Source\objectdb-2.8.7\db\p2.odb' is opened by 57056@LAPTOP-7QGCNNPB

[2022-08-08 15:11:29 #2 store] 
Configuration path: C:\Users\matth\Documents\GitHub\COS326\Practical 1\u20734621\Source\objectdb-2.8.7\objectdb.conf

[2022-08-08 15:11:29 #3 type] 
Type Student is not enhanced.

[2022-08-08 15:11:56 #4 store] 
Database 'C:\Users\matth\Documents\GitHub\COS326\Practical 1\u20734621\Source\objectdb-2.8.7\db\p2.odb' is closed by 57056@LAPTOP-7QGCNNPB

------------------------------------------------------------------------------------------------------------------------

[2022-08-08 15:12:35 #1 store] 
Database 'C:\Users\matth\Documents\GitHub\COS326\Practical 1\u20734621\Source\objectdb-2.8.7\db\p2.odb' is opened by 23768@LAPTOP-7QGCNNPB

[2022-08-08 15:12:35 #2 store] 
Configuration path: C:\Users\matth\Documents\GitHub\COS326\Practical 1\u20734621\Source\objectdb-2.8.7\objectdb.conf

[2022-08-08 15:12:35 #3 type] 
Type Student is not enhanced.

------------------------------------------------------------------------------------------------------------------------

[2022-08-08 15:13:57 #1 store] 
Database 'C:\Users\matth\Documents\GitHub\COS326\Practical 1\u20734621\Source\objectdb-2.8.7\db\p2.odb' is opened by 43532@LAPTOP-7QGCNNPB

[2022-08-08 15:13:57 #2 store] 
Configuration path: C:\Users\matth\Documents\GitHub\COS326\Practical 1\u20734621\Source\objectdb-2.8.7\objectdb.conf

[2022-08-08 15:13:57 #3 type] 
Type Student is not enhanced.

------------------------------------------------------------------------------------------------------------------------

[2022-08-08 15:14:41 #1 store] 
Database 'C:\Users\matth\Documents\GitHub\COS326\Practical 1\u20734621\Source\objectdb-2.8.7\db\p2.odb' is opened by 45860@LAPTOP-7QGCNNPB

[2022-08-08 15:14:41 #2 store] 
Configuration path: C:\Users\matth\Documents\GitHub\COS326\Practical 1\u20734621\Source\objectdb-2.8.7\objectdb.conf

[2022-08-08 15:14:41 #3 type] 
Type Student is not enhanced.

[2022-08-08 15:14:58 #4 store] 
Database 'C:\Users\matth\Documents\GitHub\COS326\Practical 1\u20734621\Source\objectdb-2.8.7\db\p2.odb' is closed by 45860@LAPTOP-7QGCNNPB

------------------------------------------------------------------------------------------------------------------------

[2022-08-08 15:18:31 #1 store] 
Database 'C:\Users\matth\Documents\GitHub\COS326\Practical 1\u20734621\Source\objectdb-2.8.7\db\p2.odb' is opened by 2268@LAPTOP-7QGCNNPB

[2022-08-08 15:18:31 #2 store] 
Configuration path: C:\Users\matth\Documents\GitHub\COS326\Practical 1\u20734621\Source\objectdb-2.8.7\objectdb.conf

[2022-08-08 15:18:31 #3 type] 
Type Student is not enhanced.

[2022-08-08 15:18:38 #4 store] 
Database 'C:\Users\matth\Documents\GitHub\COS326\Practical 1\u20734621\Source\objectdb-2.8.7\db\p2.odb' is closed by 2268@LAPTOP-7QGCNNPB

------------------------------------------------------------------------------------------------------------------------

[2022-08-08 15:20:22 #1 store] 
Database 'C:\Users\matth\Documents\GitHub\COS326\Practical 1\u20734621\Source\objectdb-2.8.7\db\p2.odb' is opened by 34132@LAPTOP-7QGCNNPB

[2022-08-08 15:20:22 #2 store] 
Configuration path: C:\Users\matth\Documents\GitHub\COS326\Practical 1\u20734621\Source\objectdb-2.8.7\objectdb.conf

[2022-08-08 15:20:22 #3 type] 
Type Student is not enhanced.

[2022-08-08 15:20:30 #4 store] 
Database 'C:\Users\matth\Documents\GitHub\COS326\Practical 1\u20734621\Source\objectdb-2.8.7\db\p2.odb' is closed by 34132@LAPTOP-7QGCNNPB

------------------------------------------------------------------------------------------------------------------------

[2022-08-08 15:20:53 #1 store] 
Database 'C:\Users\matth\Documents\GitHub\COS326\Practical 1\u20734621\Source\objectdb-2.8.7\db\p2.odb' is opened by 40820@LAPTOP-7QGCNNPB

[2022-08-08 15:20:53 #2 store] 
Configuration path: C:\Users\matth\Documents\GitHub\COS326\Practical 1\u20734621\Source\objectdb-2.8.7\objectdb.conf

[2022-08-08 15:20:53 #3 type] 
Type Student is not enhanced.

------------------------------------------------------------------------------------------------------------------------

[2022-08-08 15:21:13 #1 store] 
Database 'C:\Users\matth\Documents\GitHub\COS326\Practical 1\u20734621\Source\objectdb-2.8.7\db\p2.odb' is opened by 33896@LAPTOP-7QGCNNPB

[2022-08-08 15:21:13 #2 store] 
Configuration path: C:\Users\matth\Documents\GitHub\COS326\Practical 1\u20734621\Source\objectdb-2.8.7\objectdb.conf

[2022-08-08 15:21:13 #3 type] 
Type Student is not enhanced.

------------------------------------------------------------------------------------------------------------------------

[2022-08-08 15:21:31 #1 store] 
Database 'C:\Users\matth\Documents\GitHub\COS326\Practical 1\u20734621\Source\objectdb-2.8.7\db\p2.odb' is opened by 19948@LAPTOP-7QGCNNPB

[2022-08-08 15:21:31 #2 store] 
Configuration path: C:\Users\matth\Documents\GitHub\COS326\Practical 1\u20734621\Source\objectdb-2.8.7\objectdb.conf

[2022-08-08 15:21:31 #3 type] 
Type Student is not enhanced.

[2022-08-08 15:21:38 #4 store] 
Database 'C:\Users\matth\Documents\GitHub\COS326\Practical 1\u20734621\Source\objectdb-2.8.7\db\p2.odb' is closed by 19948@LAPTOP-7QGCNNPB

------------------------------------------------------------------------------------------------------------------------

[2022-08-08 15:25:16 #1 store] 
Database 'C:\Users\matth\Documents\GitHub\COS326\Practical 1\u20734621\Source\objectdb-2.8.7\db\p2.odb' is opened by 41544@LAPTOP-7QGCNNPB

[2022-08-08 15:25:16 #2 store] 
Configuration path: C:\Users\matth\Documents\GitHub\COS326\Practical 1\u20734621\Source\objectdb-2.8.7\objectdb.conf

[2022-08-08 15:25:16 #3 type] 
Type Student is not enhanced.

------------------------------------------------------------------------------------------------------------------------

[2022-08-08 15:26:05 #1 store] 
Database 'C:\Users\matth\Documents\GitHub\COS326\Practical 1\u20734621\Source\objectdb-2.8.7\db\p2.odb' is opened by 54112@LAPTOP-7QGCNNPB

[2022-08-08 15:26:05 #2 store] 
Configuration path: C:\Users\matth\Documents\GitHub\COS326\Practical 1\u20734621\Source\objectdb-2.8.7\objectdb.conf

[2022-08-08 15:26:05 #3 type] 
Type Student is not enhanced.

------------------------------------------------------------------------------------------------------------------------

[2022-08-08 15:27:03 #1 store] 
Database 'C:\Users\matth\Documents\GitHub\COS326\Practical 1\u20734621\Source\objectdb-2.8.7\db\p2.odb' is opened by 56948@LAPTOP-7QGCNNPB

[2022-08-08 15:27:03 #2 store] 
Configuration path: C:\Users\matth\Documents\GitHub\COS326\Practical 1\u20734621\Source\objectdb-2.8.7\objectdb.conf

[2022-08-08 15:27:03 #3 type] 
Type Student is not enhanced.

------------------------------------------------------------------------------------------------------------------------

[2022-08-08 15:28:08 #1 store] 
Database 'C:\Users\matth\Documents\GitHub\COS326\Practical 1\u20734621\Source\objectdb-2.8.7\db\p2.odb' is opened by 26840@LAPTOP-7QGCNNPB

[2022-08-08 15:28:08 #2 store] 
Configuration path: C:\Users\matth\Documents\GitHub\COS326\Practical 1\u20734621\Source\objectdb-2.8.7\objectdb.conf

[2022-08-08 15:28:09 #3 type] 
Type Student is not enhanced.

------------------------------------------------------------------------------------------------------------------------

[2022-08-08 15:29:55 #1 store] 
Database 'C:\Users\matth\Documents\GitHub\COS326\Practical 1\u20734621\Source\objectdb-2.8.7\db\p2.odb' is opened by 46528@LAPTOP-7QGCNNPB

[2022-08-08 15:29:55 #2 store] 
Configuration path: C:\Users\matth\Documents\GitHub\COS326\Practical 1\u20734621\Source\objectdb-2.8.7\objectdb.conf

[2022-08-08 15:29:55 #3 type] 
Type Student is not enhanced.

[2022-08-08 15:30:05 #4 store] 
Database 'C:\Users\matth\Documents\GitHub\COS326\Practical 1\u20734621\Source\objectdb-2.8.7\db\p2.odb' is closed by 46528@LAPTOP-7QGCNNPB

------------------------------------------------------------------------------------------------------------------------

[2022-08-08 15:31:15 #1 store] 
Database 'C:\Users\matth\Documents\GitHub\COS326\Practical 1\u20734621\Source\objectdb-2.8.7\db\p2.odb' is opened by 57724@LAPTOP-7QGCNNPB

[2022-08-08 15:31:15 #2 store] 
Configuration path: C:\Users\matth\Documents\GitHub\COS326\Practical 1\u20734621\Source\objectdb-2.8.7\objectdb.conf

[2022-08-08 15:31:15 #3 type] 
Type Student is not enhanced.

[2022-08-08 15:31:48 #4 store] 
Database 'C:\Users\matth\Documents\GitHub\COS326\Practical 1\u20734621\Source\objectdb-2.8.7\db\p2.odb' is closed by 57724@LAPTOP-7QGCNNPB

------------------------------------------------------------------------------------------------------------------------

[2022-08-08 15:34:58 #1 store] 
Database 'C:\Users\matth\Documents\GitHub\COS326\Practical 1\u20734621\Source\objectdb-2.8.7\db\p2.odb' is opened by 1012@LAPTOP-7QGCNNPB

[2022-08-08 15:34:58 #2 store] 
Configuration path: C:\Users\matth\Documents\GitHub\COS326\Practical 1\u20734621\Source\objectdb-2.8.7\objectdb.conf

[2022-08-08 15:34:58 #3 type] 
Type Student is not enhanced.

------------------------------------------------------------------------------------------------------------------------

[2022-08-08 15:36:03 #1 store] 
Database 'C:\Users\matth\Documents\GitHub\COS326\Practical 1\u20734621\Source\objectdb-2.8.7\db\p2.odb' has been recovered (tr. 14-15)

[2022-08-08 15:36:03 #2 store] 
Database 'C:\Users\matth\Documents\GitHub\COS326\Practical 1\u20734621\Source\objectdb-2.8.7\db\p2.odb' is opened by 37608@LAPTOP-7QGCNNPB

[2022-08-08 15:36:03 #3 store] 
Configuration path: C:\Users\matth\Documents\GitHub\COS326\Practical 1\u20734621\Source\objectdb-2.8.7\objectdb.conf

[2022-08-08 15:36:03 #4 type] 
Type Student is not enhanced.

[2022-08-08 15:36:22 #5 store] 
Database 'C:\Users\matth\Documents\GitHub\COS326\Practical 1\u20734621\Source\objectdb-2.8.7\db\p2.odb' is closed by 37608@LAPTOP-7QGCNNPB

------------------------------------------------------------------------------------------------------------------------

[2022-08-08 19:05:59 #1 store] 
Database 'C:\Users\matth\Documents\GitHub\COS326\Practical 1\u20734621\Source\objectdb-2.8.7\db\p2.odb' is opened by 48272@LAPTOP-7QGCNNPB

[2022-08-08 19:05:59 #2 store] 
Configuration path: C:\Users\matth\Documents\GitHub\COS326\Practical 1\u20734621\Source\objectdb-2.8.7\objectdb.conf

[2022-08-08 19:06:00 #3 type] 
Type Student is not enhanced.

[2022-08-08 19:06:40 #4 store] 
Database 'C:\Users\matth\Documents\GitHub\COS326\Practical 1\u20734621\Source\objectdb-2.8.7\db\p2.odb' is closed by 48272@LAPTOP-7QGCNNPB

------------------------------------------------------------------------------------------------------------------------

[2022-08-08 19:09:23 #1 store] 
Database 'C:\Users\matth\Documents\GitHub\COS326\Practical 1\u20734621\Source\objectdb-2.8.7\db\p2.odb' is opened by 45616@LAPTOP-7QGCNNPB

[2022-08-08 19:09:23 #2 store] 
Configuration path: C:\Users\matth\Documents\GitHub\COS326\Practical 1\u20734621\Source\objectdb-2.8.7\objectdb.conf

[2022-08-08 19:09:23 #3 type] 
Type Student is not enhanced.

[2022-08-08 19:09:52 #4 store] 
Database 'C:\Users\matth\Documents\GitHub\COS326\Practical 1\u20734621\Source\objectdb-2.8.7\db\p2.odb' is closed by 45616@LAPTOP-7QGCNNPB

------------------------------------------------------------------------------------------------------------------------

[2022-08-08 19:10:06 #1 store] 
Database 'C:\Users\matth\Documents\GitHub\COS326\Practical 1\u20734621\Source\objectdb-2.8.7\db\p2.odb' is opened by 38004@LAPTOP-7QGCNNPB

[2022-08-08 19:10:06 #2 store] 
Configuration path: C:\Users\matth\Documents\GitHub\COS326\Practical 1\u20734621\Source\objectdb-2.8.7\objectdb.conf

[2022-08-08 19:10:06 #3 type] 
Type Student is not enhanced.

[2022-08-08 19:10:19 #4 store] 
Database 'C:\Users\matth\Documents\GitHub\COS326\Practical 1\u20734621\Source\objectdb-2.8.7\db\p2.odb' is closed by 38004@LAPTOP-7QGCNNPB

------------------------------------------------------------------------------------------------------------------------

[2022-08-08 19:12:33 #1 store] 
Database 'C:\Users\matth\Documents\GitHub\COS326\Practical 1\u20734621\Source\objectdb-2.8.7\db\p2.odb' is opened by 38544@LAPTOP-7QGCNNPB

[2022-08-08 19:12:33 #2 store] 
Configuration path: C:\Users\matth\Documents\GitHub\COS326\Practical 1\u20734621\Source\objectdb-2.8.7\objectdb.conf

[2022-08-08 19:12:33 #3 type] 
Type Student is not enhanced.

[2022-08-08 19:12:44 #4 store] 
Database 'C:\Users\matth\Documents\GitHub\COS326\Practical 1\u20734621\Source\objectdb-2.8.7\db\p2.odb' is closed by 38544@LAPTOP-7QGCNNPB

------------------------------------------------------------------------------------------------------------------------

[2022-08-08 19:18:51 #1 store] 
Database 'C:\Users\matth\Documents\GitHub\COS326\Practical 1\u20734621\Source\objectdb-2.8.7\db\p2.odb' is opened by 59456@LAPTOP-7QGCNNPB

[2022-08-08 19:18:51 #2 store] 
Configuration path: C:\Users\matth\Documents\GitHub\COS326\Practical 1\u20734621\Source\objectdb-2.8.7\objectdb.conf

[2022-08-08 19:18:51 #3 type] 
Type Student is not enhanced.

[2022-08-08 19:19:04 #4 store] 
Database 'C:\Users\matth\Documents\GitHub\COS326\Practical 1\u20734621\Source\objectdb-2.8.7\db\p2.odb' is closed by 59456@LAPTOP-7QGCNNPB

------------------------------------------------------------------------------------------------------------------------

[2022-08-08 19:24:25 #1 store] 
Database 'C:\Users\matth\Documents\GitHub\COS326\Practical 1\u20734621\Source\objectdb-2.8.7\db\p2.odb' is opened by 28776@LAPTOP-7QGCNNPB

[2022-08-08 19:24:25 #2 store] 
Configuration path: C:\Users\matth\Documents\GitHub\COS326\Practical 1\u20734621\Source\objectdb-2.8.7\objectdb.conf

[2022-08-08 19:24:25 #3 type] 
Type Student is not enhanced.

------------------------------------------------------------------------------------------------------------------------

[2022-08-08 19:25:38 #1 store] 
Database 'C:\Users\matth\Documents\GitHub\COS326\Practical 1\u20734621\Source\objectdb-2.8.7\db\p2.odb' has been recovered (tr. 20-20)

[2022-08-08 19:25:38 #2 store] 
Database 'C:\Users\matth\Documents\GitHub\COS326\Practical 1\u20734621\Source\objectdb-2.8.7\db\p2.odb' is opened by 50504@LAPTOP-7QGCNNPB

[2022-08-08 19:25:38 #3 store] 
Configuration path: C:\Users\matth\Documents\GitHub\COS326\Practical 1\u20734621\Source\objectdb-2.8.7\objectdb.conf

[2022-08-08 19:25:38 #4 type] 
Type Student is not enhanced.

[2022-08-08 19:26:50 #5 store] 
Database 'C:\Users\matth\Documents\GitHub\COS326\Practical 1\u20734621\Source\objectdb-2.8.7\db\p2.odb' is closed by 50504@LAPTOP-7QGCNNPB

------------------------------------------------------------------------------------------------------------------------

[2022-08-08 19:28:01 #1 store] 
Database 'C:\Users\matth\Documents\GitHub\COS326\Practical 1\u20734621\Source\objectdb-2.8.7\db\p2.odb' is opened by 49300@LAPTOP-7QGCNNPB

[2022-08-08 19:28:01 #2 store] 
Configuration path: C:\Users\matth\Documents\GitHub\COS326\Practical 1\u20734621\Source\objectdb-2.8.7\objectdb.conf

[2022-08-08 19:28:01 #3 type] 
Type Student is not enhanced.

[2022-08-08 19:28:42 #4 store] 
Database 'C:\Users\matth\Documents\GitHub\COS326\Practical 1\u20734621\Source\objectdb-2.8.7\db\p2.odb' is closed by 49300@LAPTOP-7QGCNNPB

------------------------------------------------------------------------------------------------------------------------

[2022-08-08 19:32:20 #1 store] 
Database 'C:\Users\matth\Documents\GitHub\COS326\Practical 1\u20734621\Source\objectdb-2.8.7\db\p2.odb' is opened by 18636@LAPTOP-7QGCNNPB

[2022-08-08 19:32:20 #2 store] 
Configuration path: C:\Users\matth\Documents\GitHub\COS326\Practical 1\u20734621\Source\objectdb-2.8.7\objectdb.conf

[2022-08-08 19:32:21 #3 type] 
Type Student is not enhanced.

[2022-08-08 19:32:36 #4 store] 
Database 'C:\Users\matth\Documents\GitHub\COS326\Practical 1\u20734621\Source\objectdb-2.8.7\db\p2.odb' is closed by 18636@LAPTOP-7QGCNNPB

------------------------------------------------------------------------------------------------------------------------

[2022-08-08 19:42:52 #1 store] 
Database 'C:\Users\matth\Documents\GitHub\COS326\Practical 1\u20734621\Source\objectdb-2.8.7\db\p2.odb' is opened by 57716@LAPTOP-7QGCNNPB

[2022-08-08 19:42:52 #2 store] 
Configuration path: C:\Users\matth\Documents\GitHub\COS326\Practical 1\u20734621\Source\objectdb-2.8.7\objectdb.conf

[2022-08-08 19:42:52 #3 type] 
Type Student is not enhanced.

[2022-08-08 19:43:37 #4 store] 
Database 'C:\Users\matth\Documents\GitHub\COS326\Practical 1\u20734621\Source\objectdb-2.8.7\db\p2.odb' is closed by 57716@LAPTOP-7QGCNNPB

------------------------------------------------------------------------------------------------------------------------

[2022-08-08 19:44:55 #1 store] 
Database 'C:\Users\matth\Documents\GitHub\COS326\Practical 1\u20734621\Source\objectdb-2.8.7\db\p2.odb' is opened by 35804@LAPTOP-7QGCNNPB

[2022-08-08 19:44:55 #2 store] 
Configuration path: C:\Users\matth\Documents\GitHub\COS326\Practical 1\u20734621\Source\objectdb-2.8.7\objectdb.conf

[2022-08-08 19:47:54 #3 store] 
Database 'C:\Users\matth\Documents\GitHub\COS326\Practical 1\u20734621\Source\objectdb-2.8.7\db\p2.odb' is closed by 35804@LAPTOP-7QGCNNPB

------------------------------------------------------------------------------------------------------------------------

[2022-08-08 19:47:59 #1 store] 
Database 'C:\Users\matth\Documents\GitHub\COS326\Practical 1\u20734621\Source\objectdb-2.8.7\db\p2.odb' is opened by 19236@LAPTOP-7QGCNNPB

[2022-08-08 19:47:59 #2 store] 
Configuration path: C:\Users\matth\Documents\GitHub\COS326\Practical 1\u20734621\Source\objectdb-2.8.7\objectdb.conf

[2022-08-08 19:47:59 #3 type] 
Type Student is not enhanced.

[2022-08-08 19:49:23 #4 store] 
Database 'C:\Users\matth\Documents\GitHub\COS326\Practical 1\u20734621\Source\objectdb-2.8.7\db\p2.odb' is closed by 19236@LAPTOP-7QGCNNPB

------------------------------------------------------------------------------------------------------------------------

[2022-08-08 19:49:29 #1 store] 
Database 'C:\Users\matth\Documents\GitHub\COS326\Practical 1\u20734621\Source\objectdb-2.8.7\db\p2.odb' is opened by 57756@LAPTOP-7QGCNNPB

[2022-08-08 19:49:29 #2 store] 
Configuration path: C:\Users\matth\Documents\GitHub\COS326\Practical 1\u20734621\Source\objectdb-2.8.7\objectdb.conf

[2022-08-08 19:49:29 #3 type] 
Type Student is not enhanced.

------------------------------------------------------------------------------------------------------------------------

[2022-08-08 19:50:56 #1 store] 
Database 'C:\Users\matth\Documents\GitHub\COS326\Practical 1\u20734621\Source\objectdb-2.8.7\db\p2.odb' has been recovered (tr. 30-30)

[2022-08-08 19:50:56 #2 store] 
Database 'C:\Users\matth\Documents\GitHub\COS326\Practical 1\u20734621\Source\objectdb-2.8.7\db\p2.odb' is opened by 36780@LAPTOP-7QGCNNPB

[2022-08-08 19:50:56 #3 store] 
Configuration path: C:\Users\matth\Documents\GitHub\COS326\Practical 1\u20734621\Source\objectdb-2.8.7\objectdb.conf

[2022-08-08 19:50:56 #4 type] 
Type Student is not enhanced.

[2022-08-08 19:51:36 #5 store] 
Database 'C:\Users\matth\Documents\GitHub\COS326\Practical 1\u20734621\Source\objectdb-2.8.7\db\p2.odb' is closed by 36780@LAPTOP-7QGCNNPB

------------------------------------------------------------------------------------------------------------------------

[2022-08-08 19:52:38 #1 store] 
Database 'C:\Users\matth\Documents\GitHub\COS326\Practical 1\u20734621\Source\objectdb-2.8.7\db\p2.odb' is opened by 11740@LAPTOP-7QGCNNPB

[2022-08-08 19:52:38 #2 store] 
Configuration path: C:\Users\matth\Documents\GitHub\COS326\Practical 1\u20734621\Source\objectdb-2.8.7\objectdb.conf

[2022-08-08 19:52:38 #3 type] 
Type Student is not enhanced.

[2022-08-08 19:52:53 #4 store] 
Database 'C:\Users\matth\Documents\GitHub\COS326\Practical 1\u20734621\Source\objectdb-2.8.7\db\p2.odb' is closed by 11740@LAPTOP-7QGCNNPB

------------------------------------------------------------------------------------------------------------------------

[2022-08-08 19:53:51 #1 store] 
Database 'C:\Users\matth\Documents\GitHub\COS326\Practical 1\u20734621\Source\objectdb-2.8.7\db\p2.odb' is opened by 35624@LAPTOP-7QGCNNPB

[2022-08-08 19:53:51 #2 store] 
Configuration path: C:\Users\matth\Documents\GitHub\COS326\Practical 1\u20734621\Source\objectdb-2.8.7\objectdb.conf

[2022-08-08 19:53:52 #3 type] 
Type Student is not enhanced.

[2022-08-08 19:54:21 #4 store] 
Database 'C:\Users\matth\Documents\GitHub\COS326\Practical 1\u20734621\Source\objectdb-2.8.7\db\p2.odb' is closed by 35624@LAPTOP-7QGCNNPB

------------------------------------------------------------------------------------------------------------------------

[2022-08-08 19:55:25 #1 store] 
Database 'C:\Users\matth\Documents\GitHub\COS326\Practical 1\u20734621\Source\objectdb-2.8.7\db\p2.odb' is opened by 48220@LAPTOP-7QGCNNPB

[2022-08-08 19:55:25 #2 store] 
Configuration path: C:\Users\matth\Documents\GitHub\COS326\Practical 1\u20734621\Source\objectdb-2.8.7\objectdb.conf

[2022-08-08 19:55:26 #3 type] 
Type Student is not enhanced.

------------------------------------------------------------------------------------------------------------------------

[2022-08-08 19:56:39 #1 store] 
Database 'C:\Users\matth\Documents\GitHub\COS326\Practical 1\u20734621\Source\objectdb-2.8.7\db\p2.odb' has been recovered (tr. 35-35)

[2022-08-08 19:56:39 #2 store] 
Database 'C:\Users\matth\Documents\GitHub\COS326\Practical 1\u20734621\Source\objectdb-2.8.7\db\p2.odb' is opened by 45444@LAPTOP-7QGCNNPB

[2022-08-08 19:56:39 #3 store] 
Configuration path: C:\Users\matth\Documents\GitHub\COS326\Practical 1\u20734621\Source\objectdb-2.8.7\objectdb.conf

[2022-08-08 19:56:39 #4 type] 
Type Student is not enhanced.

------------------------------------------------------------------------------------------------------------------------

[2022-08-08 19:57:02 #1 store] 
Database 'C:\Users\matth\Documents\GitHub\COS326\Practical 1\u20734621\Source\objectdb-2.8.7\db\p2.odb' is opened by 53080@LAPTOP-7QGCNNPB

[2022-08-08 19:57:02 #2 store] 
Configuration path: C:\Users\matth\Documents\GitHub\COS326\Practical 1\u20734621\Source\objectdb-2.8.7\objectdb.conf

[2022-08-08 19:57:02 #3 type] 
Type Student is not enhanced.

[2022-08-08 19:57:22 #4 store] 
Database 'C:\Users\matth\Documents\GitHub\COS326\Practical 1\u20734621\Source\objectdb-2.8.7\db\p2.odb' is closed by 53080@LAPTOP-7QGCNNPB

------------------------------------------------------------------------------------------------------------------------

[2022-08-08 20:00:57 #1 store] 
Database 'C:\Users\matth\Documents\GitHub\COS326\Practical 1\u20734621\Source\objectdb-2.8.7\db\p2.odb' is opened by 15168@LAPTOP-7QGCNNPB

[2022-08-08 20:00:57 #2 store] 
Configuration path: C:\Users\matth\Documents\GitHub\COS326\Practical 1\u20734621\Source\objectdb-2.8.7\objectdb.conf

[2022-08-08 20:00:57 #3 type] 
Type Student is not enhanced.

------------------------------------------------------------------------------------------------------------------------

[2022-08-08 20:01:50 #1 store] 
Database 'C:\Users\matth\Documents\GitHub\COS326\Practical 1\u20734621\Source\objectdb-2.8.7\db\p2.odb' has been recovered (tr. 36-37)

[2022-08-08 20:01:50 #2 store] 
Database 'C:\Users\matth\Documents\GitHub\COS326\Practical 1\u20734621\Source\objectdb-2.8.7\db\p2.odb' is opened by 58236@LAPTOP-7QGCNNPB

[2022-08-08 20:01:50 #3 store] 
Configuration path: C:\Users\matth\Documents\GitHub\COS326\Practical 1\u20734621\Source\objectdb-2.8.7\objectdb.conf

[2022-08-08 20:01:50 #4 type] 
Type Student is not enhanced.

------------------------------------------------------------------------------------------------------------------------

[2022-08-08 20:02:43 #1 store] 
Database 'C:\Users\matth\Documents\GitHub\COS326\Practical 1\u20734621\Source\objectdb-2.8.7\db\p2.odb' has been recovered (tr. 38-38)

[2022-08-08 20:02:43 #2 store] 
Database 'C:\Users\matth\Documents\GitHub\COS326\Practical 1\u20734621\Source\objectdb-2.8.7\db\p2.odb' is opened by 41168@LAPTOP-7QGCNNPB

[2022-08-08 20:02:43 #3 store] 
Configuration path: C:\Users\matth\Documents\GitHub\COS326\Practical 1\u20734621\Source\objectdb-2.8.7\objectdb.conf

[2022-08-08 20:02:43 #4 type] 
Type Student is not enhanced.

[2022-08-08 20:03:18 #5 store] 
Database 'C:\Users\matth\Documents\GitHub\COS326\Practical 1\u20734621\Source\objectdb-2.8.7\db\p2.odb' is closed by 41168@LAPTOP-7QGCNNPB

------------------------------------------------------------------------------------------------------------------------

[2022-08-08 20:03:27 #1 store] 
Database 'C:\Users\matth\Documents\GitHub\COS326\Practical 1\u20734621\Source\objectdb-2.8.7\db\p2.odb' is opened by 59116@LAPTOP-7QGCNNPB

[2022-08-08 20:03:27 #2 store] 
Configuration path: C:\Users\matth\Documents\GitHub\COS326\Practical 1\u20734621\Source\objectdb-2.8.7\objectdb.conf

[2022-08-08 20:03:27 #3 type] 
Type Student is not enhanced.

[2022-08-08 20:03:44 #4 store] 
Database 'C:\Users\matth\Documents\GitHub\COS326\Practical 1\u20734621\Source\objectdb-2.8.7\db\p2.odb' is closed by 59116@LAPTOP-7QGCNNPB

------------------------------------------------------------------------------------------------------------------------

[2022-08-08 20:12:25 #1 store] 
Database 'C:\Users\matth\Documents\GitHub\COS326\Practical 1\u20734621\Source\objectdb-2.8.7\db\p2.odb' is opened by 57232@LAPTOP-7QGCNNPB

[2022-08-08 20:12:25 #2 store] 
Configuration path: C:\Users\matth\Documents\GitHub\COS326\Practical 1\u20734621\Source\objectdb-2.8.7\objectdb.conf

[2022-08-08 20:12:25 #3 type] 
Type Student is not enhanced.

------------------------------------------------------------------------------------------------------------------------

[2022-08-08 20:13:37 #1 store] 
Database 'C:\Users\matth\Documents\GitHub\COS326\Practical 1\u20734621\Source\objectdb-2.8.7\db\p2.odb' has been recovered (tr. 41-41)

[2022-08-08 20:13:37 #2 store] 
Database 'C:\Users\matth\Documents\GitHub\COS326\Practical 1\u20734621\Source\objectdb-2.8.7\db\p2.odb' is opened by 22420@LAPTOP-7QGCNNPB

[2022-08-08 20:13:37 #3 store] 
Configuration path: C:\Users\matth\Documents\GitHub\COS326\Practical 1\u20734621\Source\objectdb-2.8.7\objectdb.conf

[2022-08-08 20:14:33 #4 store] 
Database 'C:\Users\matth\Documents\GitHub\COS326\Practical 1\u20734621\Source\objectdb-2.8.7\db\p2.odb' is closed by 22420@LAPTOP-7QGCNNPB

------------------------------------------------------------------------------------------------------------------------

[2022-08-08 20:14:40 #1 store] 
Database 'C:\Users\matth\Documents\GitHub\COS326\Practical 1\u20734621\Source\objectdb-2.8.7\db\p2.odb' is opened by 11956@LAPTOP-7QGCNNPB

[2022-08-08 20:14:40 #2 store] 
Configuration path: C:\Users\matth\Documents\GitHub\COS326\Practical 1\u20734621\Source\objectdb-2.8.7\objectdb.conf

[2022-08-08 20:14:40 #3 type] 
Type Student is not enhanced.

[2022-08-08 20:49:38 #4 store] 
Database 'C:\Users\matth\Documents\GitHub\COS326\Practical 1\u20734621\Source\objectdb-2.8.7\db\p2.odb' is closed by 11956@LAPTOP-7QGCNNPB

------------------------------------------------------------------------------------------------------------------------

[2022-08-08 20:49:46 #1 store] 
Database 'C:\Users\matth\Documents\GitHub\COS326\Practical 1\u20734621\Source\objectdb-2.8.7\db\p2.odb' is opened by 24168@LAPTOP-7QGCNNPB

[2022-08-08 20:49:46 #2 store] 
Configuration path: C:\Users\matth\Documents\GitHub\COS326\Practical 1\u20734621\Source\objectdb-2.8.7\objectdb.conf

[2022-08-08 20:49:46 #3 type] 
Type Student is not enhanced.

------------------------------------------------------------------------------------------------------------------------

[2022-08-08 20:51:19 #1 store] 
Database 'C:\Users\matth\Documents\GitHub\COS326\Practical 1\u20734621\Source\objectdb-2.8.7\db\p2.odb' has been recovered (tr. 42-42)

[2022-08-08 20:51:20 #2 store] 
Database 'C:\Users\matth\Documents\GitHub\COS326\Practical 1\u20734621\Source\objectdb-2.8.7\db\p2.odb' is opened by 21432@LAPTOP-7QGCNNPB

[2022-08-08 20:51:20 #3 store] 
Configuration path: C:\Users\matth\Documents\GitHub\COS326\Practical 1\u20734621\Source\objectdb-2.8.7\objectdb.conf

[2022-08-08 20:51:20 #4 type] 
Type Student is not enhanced.

------------------------------------------------------------------------------------------------------------------------

[2022-08-08 20:51:28 #1 store] 
Database 'C:\Users\matth\Documents\GitHub\COS326\Practical 1\u20734621\Source\objectdb-2.8.7\db\p2.odb' is opened by 57268@LAPTOP-7QGCNNPB

[2022-08-08 20:51:28 #2 store] 
Configuration path: C:\Users\matth\Documents\GitHub\COS326\Practical 1\u20734621\Source\objectdb-2.8.7\objectdb.conf

[2022-08-08 20:51:28 #3 type] 
Type Student is not enhanced.

[2022-08-08 20:53:47 #4 store] 
Database 'C:\Users\matth\Documents\GitHub\COS326\Practical 1\u20734621\Source\objectdb-2.8.7\db\p2.odb' is closed by 57268@LAPTOP-7QGCNNPB

------------------------------------------------------------------------------------------------------------------------

[2022-08-08 20:53:55 #1 store] 
Database 'C:\Users\matth\Documents\GitHub\COS326\Practical 1\u20734621\Source\objectdb-2.8.7\db\p2.odb' is opened by 27176@LAPTOP-7QGCNNPB

[2022-08-08 20:53:55 #2 store] 
Configuration path: C:\Users\matth\Documents\GitHub\COS326\Practical 1\u20734621\Source\objectdb-2.8.7\objectdb.conf

[2022-08-08 20:53:55 #3 type] 
Type Student is not enhanced.

------------------------------------------------------------------------------------------------------------------------

[2022-08-08 20:55:38 #1 store] 
Database 'C:\Users\matth\Documents\GitHub\COS326\Practical 1\u20734621\Source\objectdb-2.8.7\db\p2.odb' has been recovered (tr. 44-45)

[2022-08-08 20:55:38 #2 store] 
Database 'C:\Users\matth\Documents\GitHub\COS326\Practical 1\u20734621\Source\objectdb-2.8.7\db\p2.odb' is opened by 58472@LAPTOP-7QGCNNPB

[2022-08-08 20:55:38 #3 store] 
Configuration path: C:\Users\matth\Documents\GitHub\COS326\Practical 1\u20734621\Source\objectdb-2.8.7\objectdb.conf

[2022-08-08 20:55:38 #4 type] 
Type Student is not enhanced.

------------------------------------------------------------------------------------------------------------------------

[2022-08-08 20:58:13 #1 store] 
Database 'C:\Users\matth\Documents\GitHub\COS326\Practical 1\u20734621\Source\objectdb-2.8.7\db\p2.odb' has been recovered (tr. 46-46)

[2022-08-08 20:58:13 #2 store] 
Database 'C:\Users\matth\Documents\GitHub\COS326\Practical 1\u20734621\Source\objectdb-2.8.7\db\p2.odb' is opened by 40776@LAPTOP-7QGCNNPB

[2022-08-08 20:58:13 #3 store] 
Configuration path: C:\Users\matth\Documents\GitHub\COS326\Practical 1\u20734621\Source\objectdb-2.8.7\objectdb.conf

[2022-08-08 20:58:13 #4 type] 
Type Student is not enhanced.

[2022-08-08 20:58:23 #5 store] 
Database 'C:\Users\matth\Documents\GitHub\COS326\Practical 1\u20734621\Source\objectdb-2.8.7\db\p2.odb' is closed by 40776@LAPTOP-7QGCNNPB

------------------------------------------------------------------------------------------------------------------------

[2022-08-08 20:59:18 #1 store] 
Database 'C:\Users\matth\Documents\GitHub\COS326\Practical 1\u20734621\Source\objectdb-2.8.7\db\p2.odb' is opened by 19844@LAPTOP-7QGCNNPB

[2022-08-08 20:59:18 #2 store] 
Configuration path: C:\Users\matth\Documents\GitHub\COS326\Practical 1\u20734621\Source\objectdb-2.8.7\objectdb.conf

[2022-08-08 20:59:18 #3 type] 
Type Student is not enhanced.

------------------------------------------------------------------------------------------------------------------------

[2022-08-08 21:01:55 #1 store] 
Database 'C:\Users\matth\Documents\GitHub\COS326\Practical 1\u20734621\Source\objectdb-2.8.7\db\p2.odb' is opened by 46816@LAPTOP-7QGCNNPB

[2022-08-08 21:01:55 #2 store] 
Configuration path: C:\Users\matth\Documents\GitHub\COS326\Practical 1\u20734621\Source\objectdb-2.8.7\objectdb.conf

[2022-08-08 21:01:55 #3 type] 
Type Student is not enhanced.

------------------------------------------------------------------------------------------------------------------------

[2022-08-08 21:04:40 #1 store] 
Database 'C:\Users\matth\Documents\GitHub\COS326\Practical 1\u20734621\Source\objectdb-2.8.7\db\p2.odb' is opened by 54796@LAPTOP-7QGCNNPB

[2022-08-08 21:04:40 #2 store] 
Configuration path: C:\Users\matth\Documents\GitHub\COS326\Practical 1\u20734621\Source\objectdb-2.8.7\objectdb.conf

[2022-08-08 21:04:40 #3 type] 
Type Student is not enhanced.

[2022-08-08 21:04:45 #4 store] 
Database 'C:\Users\matth\Documents\GitHub\COS326\Practical 1\u20734621\Source\objectdb-2.8.7\db\p2.odb' is closed by 54796@LAPTOP-7QGCNNPB

------------------------------------------------------------------------------------------------------------------------

[2022-08-08 21:06:52 #1 store] 
Database 'C:\Users\matth\Documents\GitHub\COS326\Practical 1\u20734621\Source\objectdb-2.8.7\db\p2.odb' is opened by 54084@LAPTOP-7QGCNNPB

[2022-08-08 21:06:52 #2 store] 
Configuration path: C:\Users\matth\Documents\GitHub\COS326\Practical 1\u20734621\Source\objectdb-2.8.7\objectdb.conf

[2022-08-08 21:06:52 #3 type] 
Type Student is not enhanced.

[2022-08-08 21:06:54 #4 store] 
Database 'C:\Users\matth\Documents\GitHub\COS326\Practical 1\u20734621\Source\objectdb-2.8.7\db\p2.odb' is closed by 54084@LAPTOP-7QGCNNPB

------------------------------------------------------------------------------------------------------------------------

[2022-08-08 21:07:00 #1 store] 
Database 'C:\Users\matth\Documents\GitHub\COS326\Practical 1\u20734621\Source\objectdb-2.8.7\db\p2.odb' is opened by 17432@LAPTOP-7QGCNNPB

[2022-08-08 21:07:00 #2 store] 
Configuration path: C:\Users\matth\Documents\GitHub\COS326\Practical 1\u20734621\Source\objectdb-2.8.7\objectdb.conf

[2022-08-08 21:07:00 #3 type] 
Type Student is not enhanced.

[2022-08-08 21:07:02 #4 store] 
Database 'C:\Users\matth\Documents\GitHub\COS326\Practical 1\u20734621\Source\objectdb-2.8.7\db\p2.odb' is closed by 17432@LAPTOP-7QGCNNPB

------------------------------------------------------------------------------------------------------------------------

[2022-08-08 21:07:13 #1 store] 
Database 'C:\Users\matth\Documents\GitHub\COS326\Practical 1\u20734621\Source\objectdb-2.8.7\db\p2.odb' is opened by 16768@LAPTOP-7QGCNNPB

[2022-08-08 21:07:13 #2 store] 
Configuration path: C:\Users\matth\Documents\GitHub\COS326\Practical 1\u20734621\Source\objectdb-2.8.7\objectdb.conf

[2022-08-08 21:07:13 #3 type] 
Type Student is not enhanced.

[2022-08-08 21:07:15 #4 store] 
Database 'C:\Users\matth\Documents\GitHub\COS326\Practical 1\u20734621\Source\objectdb-2.8.7\db\p2.odb' is closed by 16768@LAPTOP-7QGCNNPB

------------------------------------------------------------------------------------------------------------------------

[2022-08-08 21:08:02 #1 store] 
Database 'C:\Users\matth\Documents\GitHub\COS326\Practical 1\u20734621\Source\objectdb-2.8.7\db\p2.odb' is opened by 11168@LAPTOP-7QGCNNPB

[2022-08-08 21:08:02 #2 store] 
Configuration path: C:\Users\matth\Documents\GitHub\COS326\Practical 1\u20734621\Source\objectdb-2.8.7\objectdb.conf

[2022-08-08 21:08:02 #3 type] 
Type Student is not enhanced.

[2022-08-08 21:08:05 #4 store] 
Database 'C:\Users\matth\Documents\GitHub\COS326\Practical 1\u20734621\Source\objectdb-2.8.7\db\p2.odb' is closed by 11168@LAPTOP-7QGCNNPB

------------------------------------------------------------------------------------------------------------------------

[2022-08-08 21:09:30 #1 store] 
Database 'C:\Users\matth\Documents\GitHub\COS326\Practical 1\u20734621\Source\objectdb-2.8.7\db\p2.odb' is opened by 41576@LAPTOP-7QGCNNPB

[2022-08-08 21:09:30 #2 store] 
Configuration path: C:\Users\matth\Documents\GitHub\COS326\Practical 1\u20734621\Source\objectdb-2.8.7\objectdb.conf

[2022-08-08 21:09:30 #3 type] 
Type Student is not enhanced.

[2022-08-08 21:10:08 #4 store] 
Database 'C:\Users\matth\Documents\GitHub\COS326\Practical 1\u20734621\Source\objectdb-2.8.7\db\p2.odb' is closed by 41576@LAPTOP-7QGCNNPB

------------------------------------------------------------------------------------------------------------------------

[2022-08-08 21:10:13 #1 store] 
Database 'C:\Users\matth\Documents\GitHub\COS326\Practical 1\u20734621\Source\objectdb-2.8.7\db\p2.odb' is opened by 49080@LAPTOP-7QGCNNPB

[2022-08-08 21:10:13 #2 store] 
Configuration path: C:\Users\matth\Documents\GitHub\COS326\Practical 1\u20734621\Source\objectdb-2.8.7\objectdb.conf

[2022-08-08 21:10:13 #3 type] 
Type Student is not enhanced.

[2022-08-08 21:10:18 #4 store] 
Database 'C:\Users\matth\Documents\GitHub\COS326\Practical 1\u20734621\Source\objectdb-2.8.7\db\p2.odb' is closed by 49080@LAPTOP-7QGCNNPB

------------------------------------------------------------------------------------------------------------------------

[2022-08-08 21:10:57 #1 store] 
Database 'C:\Users\matth\Documents\GitHub\COS326\Practical 1\u20734621\Source\objectdb-2.8.7\db\p2.odb' is opened by 51244@LAPTOP-7QGCNNPB

[2022-08-08 21:10:57 #2 store] 
Configuration path: C:\Users\matth\Documents\GitHub\COS326\Practical 1\u20734621\Source\objectdb-2.8.7\objectdb.conf

[2022-08-08 21:10:57 #3 type] 
Type Student is not enhanced.

[2022-08-08 21:11:08 #4 store] 
Database 'C:\Users\matth\Documents\GitHub\COS326\Practical 1\u20734621\Source\objectdb-2.8.7\db\p2.odb' is closed by 51244@LAPTOP-7QGCNNPB

------------------------------------------------------------------------------------------------------------------------

[2022-08-08 21:11:13 #1 store] 
Database 'C:\Users\matth\Documents\GitHub\COS326\Practical 1\u20734621\Source\objectdb-2.8.7\db\p2.odb' is opened by 54992@LAPTOP-7QGCNNPB

[2022-08-08 21:11:13 #2 store] 
Configuration path: C:\Users\matth\Documents\GitHub\COS326\Practical 1\u20734621\Source\objectdb-2.8.7\objectdb.conf

[2022-08-08 21:11:13 #3 type] 
Type Student is not enhanced.

[2022-08-08 21:11:31 #4 store] 
Database 'C:\Users\matth\Documents\GitHub\COS326\Practical 1\u20734621\Source\objectdb-2.8.7\db\p2.odb' is closed by 54992@LAPTOP-7QGCNNPB

------------------------------------------------------------------------------------------------------------------------

[2022-08-08 21:12:03 #1 store] 
Database 'C:\Users\matth\Documents\GitHub\COS326\Practical 1\u20734621\Source\objectdb-2.8.7\db\p2.odb' is opened by 49816@LAPTOP-7QGCNNPB

[2022-08-08 21:12:03 #2 store] 
Configuration path: C:\Users\matth\Documents\GitHub\COS326\Practical 1\u20734621\Source\objectdb-2.8.7\objectdb.conf

[2022-08-08 21:12:03 #3 type] 
Type Student is not enhanced.

------------------------------------------------------------------------------------------------------------------------

[2022-08-08 21:12:34 #1 store] 
Database 'C:\Users\matth\Documents\GitHub\COS326\Practical 1\u20734621\Source\objectdb-2.8.7\db\p2.odb' has been recovered (tr. 48-48)

[2022-08-08 21:12:34 #2 store] 
Database 'C:\Users\matth\Documents\GitHub\COS326\Practical 1\u20734621\Source\objectdb-2.8.7\db\p2.odb' is opened by 55452@LAPTOP-7QGCNNPB

[2022-08-08 21:12:34 #3 store] 
Configuration path: C:\Users\matth\Documents\GitHub\COS326\Practical 1\u20734621\Source\objectdb-2.8.7\objectdb.conf

[2022-08-08 21:12:34 #4 type] 
Type Student is not enhanced.

[2022-08-08 21:12:58 #5 store] 
Database 'C:\Users\matth\Documents\GitHub\COS326\Practical 1\u20734621\Source\objectdb-2.8.7\db\p2.odb' is closed by 55452@LAPTOP-7QGCNNPB

------------------------------------------------------------------------------------------------------------------------

[2022-08-08 21:53:58 #1 store] 
Database 'C:\Users\matth\Documents\GitHub\COS326\Practical 1\u20734621\Source\u20734621_Practical_1\p2.odb' is opened by 58508@LAPTOP-7QGCNNPB

[2022-08-08 21:53:58 #2 store] 
Configuration path: C:\Users\matth\Documents\GitHub\COS326\Practical 1\u20734621\Source\objectdb-2.8.7\objectdb.conf

[2022-08-08 21:53:58 #3 type] 
Type Student is not enhanced.

------------------------------------------------------------------------------------------------------------------------

[2022-08-08 22:12:35 #1 store] 
Database 'C:\Users\matth\Documents\GitHub\COS326\Practical 1\u20734621\Source\u20734621_Practical_1\p2.odb' has been recovered (tr. 1-5)

[2022-08-08 22:12:35 #2 store] 
Database 'C:\Users\matth\Documents\GitHub\COS326\Practical 1\u20734621\Source\u20734621_Practical_1\p2.odb' is opened by 56000@LAPTOP-7QGCNNPB

[2022-08-08 22:12:35 #3 store] 
Configuration path: C:\Users\matth\Documents\GitHub\COS326\Practical 1\u20734621\Source\objectdb-2.8.7\objectdb.conf

[2022-08-08 22:12:35 #4 type] 
Type Student is not enhanced.

[2022-08-08 22:12:38 #5 store] 
Database 'C:\Users\matth\Documents\GitHub\COS326\Practical 1\u20734621\Source\u20734621_Practical_1\p2.odb' is closed by 56000@LAPTOP-7QGCNNPB

