     1                                 %line 1+1 task3.asm
     2                                 [segment .data]
     3 00000000 506C6561736520696E-     s1 db "Please input the first number: "
     4 00000000 707574207468652066-
     5 00000000 69727374206E756D62-
     6 00000000 65723A20           
     7 0000001F 506C6561736520696E-     s2 db "Please input the second number: "
     8 0000001F 707574207468652073-
     9 0000001F 65636F6E64206E756D-
    10 0000001F 6265723A20         
    11 0000003F 0A                      line db 0xa
    12                                 
    13                                 [segment .bss]
    14 00000000 <gap>                   i1 resb 1
    15 00000001 <gap>                   i2 resb 1
    16                                 
    17                                 [segment .text]
    18                                 [global _start]
    19                                 
    20                                 _start:
    21                                 
    22 00000000 E880000000              call _s1
    23 00000005 E83D000000              call _i1
    24 0000000A E895000000              call _s2
    25 0000000F E852000000              call _i2
    26 00000014 E8C9000000              call _mover
    27                                 
    28 00000019 48C7C001000000          mov rax, 1
    29 00000020 48C7C701000000          mov rdi, 1
    30 00000027 48C7C6[00000000]        mov rsi, i1
    31 0000002E 48C7C201000000          mov rdx, 1
    32 00000035 0F05                    syscall
    33                                 
    34 00000037 E887000000              call _line
    35                                 
    36 0000003C 48C7C03C000000          mov rax, 60
    37 00000043 48C7C700000000          mov rdi, 0
    38 0000004A 0F05                    syscall
    39                                 
    40                                 _i1:
    41                                 
    42 0000004C 48C7C000000000          mov rax, 0
    43 00000053 48C7C700000000          mov rdi, 0
    44 0000005A 48C7C6[00000000]        mov rsi, i1
    45 00000061 48C7C202000000          mov rdx, 2
    46 00000068 0F05                    syscall
    47 0000006A C3                      ret
    48                                 
    49                                 _i2:
    50                                 
    51 0000006B 48C7C000000000          mov rax, 0
    52 00000072 48C7C700000000          mov rdi, 0
    53 00000079 48C7C6[00000000]        mov rsi, i2
    54 00000080 48C7C202000000          mov rdx, 2
    55 00000087 0F05                    syscall
    56 00000089 C3                      ret
    57                                 
    58                                 _s1:
    59                                 
    60 0000008A 48C7C001000000          mov rax, 1
    61 00000091 48C7C701000000          mov rdi, 1
    62 00000098 48C7C6[00000000]        mov rsi, s1
    63 0000009F 48C7C21F000000          mov rdx, 31
    64 000000A6 0F05                    syscall
    65 000000A8 C3                      ret
    66                                 
    67                                 _s2:
    68                                 
    69 000000A9 48C7C001000000          mov rax, 1
    70 000000B0 48C7C701000000          mov rdi, 1
    71 000000B7 48C7C6[00000000]        mov rsi, s2
    72 000000BE 48C7C220000000          mov rdx, 32
    73 000000C5 0F05                    syscall
    74 000000C7 C3                      ret
    75                                 
    76                                 _line:
    77                                 
    78 000000C8 48C7C001000000          mov rax, 1
    79 000000CF 48C7C701000000          mov rdi, 1
    80 000000D6 48C7C6[00000000]        mov rsi, line
    81 000000DD 48C7C201000000          mov rdx, 1
    82 000000E4 0F05                    syscall
    83 000000E6 C3                      ret
    84                                 
    85                                 _mover:
    86                                 
    87 000000E7 488B3425[00000000]      mov rsi, [i1]
    88 000000EF 4883EE30                sub rsi, '0'
    89 000000F3 488B3C25[00000000]      mov rdi, [i2]
    90 000000FB 4883EF30                sub rdi, '0'
    91 000000FF 4801FE                  add rsi, rdi
    92 00000102 4883C630                add rsi, '0'
    93 00000106 48893425[00000000]      mov [i1], rsi
    94 0000010E C3                      ret
