------------------------------------------------------------------------------------------------------------------------

[2022-08-17 14:51:51 #1 store] 
Database 'C:\Users\matth\Documents\GitHub\COS326\Practical 1\u20734621\Source\u20734621_Practical_1\p2.odb' is opened by 44908@LAPTOP-7QGCNNPB

[2022-08-17 14:51:51 #2 store] 
Configuration path: C:\Users\matth\Documents\GitHub\COS326\Practical 1\u20734621\Source\objectdb-2.8.7\objectdb.conf

[2022-08-17 14:51:51 #3 type] 
Type Student is not enhanced.

[2022-08-17 14:51:51 #4 type] 
Type Practical is not enhanced.

[2022-08-17 14:53:02 #5 store] 
Database 'C:\Users\matth\Documents\GitHub\COS326\Practical 1\u20734621\Source\u20734621_Practical_1\p2.odb' is closed by 44908@LAPTOP-7QGCNNPB

------------------------------------------------------------------------------------------------------------------------

[2022-08-17 15:41:21 #1 store] 
Database 'C:\Users\matth\Documents\GitHub\COS326\Practical 1\u20734621\Source\u20734621_Practical_1\p2.odb' is opened by 2272@LAPTOP-7QGCNNPB

[2022-08-17 15:41:21 #2 store] 
Configuration path: C:\Users\matth\Documents\GitHub\COS326\Practical 1\u20734621\Source\objectdb-2.8.7\objectdb.conf

[2022-08-17 15:41:21 #3 type] 
Type Student is not enhanced.

[2022-08-17 15:41:21 #4 type] 
Type Practical is not enhanced.

[2022-08-17 15:41:31 #5 store] 
Database 'C:\Users\matth\Documents\GitHub\COS326\Practical 1\u20734621\Source\u20734621_Practical_1\p2.odb' is closed by 2272@LAPTOP-7QGCNNPB

------------------------------------------------------------------------------------------------------------------------

[2022-08-17 15:45:53 #1 store] 
Database 'C:\Users\matth\Documents\GitHub\COS326\Practical 1\u20734621\Source\u20734621_Practical_1\p2.odb' is opened by 52504@LAPTOP-7QGCNNPB

[2022-08-17 15:45:53 #2 store] 
Configuration path: C:\Users\matth\Documents\GitHub\COS326\Practical 1\u20734621\Source\objectdb-2.8.7\objectdb.conf

[2022-08-17 15:45:53 #3 type] 
Type Student is not enhanced.

[2022-08-17 15:45:53 #4 type] 
Type Practical is not enhanced.

[2022-08-17 15:46:11 #5 store] 
Database 'C:\Users\matth\Documents\GitHub\COS326\Practical 1\u20734621\Source\u20734621_Practical_1\p2.odb' is closed by 52504@LAPTOP-7QGCNNPB

------------------------------------------------------------------------------------------------------------------------

[2022-08-17 15:46:37 #1 store] 
Database 'C:\Users\matth\Documents\GitHub\COS326\Practical 1\u20734621\Source\u20734621_Practical_1\p2.odb' is opened by 14752@LAPTOP-7QGCNNPB

[2022-08-17 15:46:37 #2 store] 
Configuration path: C:\Users\matth\Documents\GitHub\COS326\Practical 1\u20734621\Source\objectdb-2.8.7\objectdb.conf

[2022-08-17 15:47:52 #3 store] 
Database 'C:\Users\matth\Documents\GitHub\COS326\Practical 1\u20734621\Source\u20734621_Practical_1\p2.odb' is closed by 14752@LAPTOP-7QGCNNPB

------------------------------------------------------------------------------------------------------------------------

[2022-08-17 15:47:53 #1 store] 
Database 'C:\Users\matth\Documents\GitHub\COS326\Practical 1\u20734621\Source\u20734621_Practical_1\p2.odb' is opened by 61396@LAPTOP-7QGCNNPB

[2022-08-17 15:47:53 #2 store] 
Configuration path: C:\Users\matth\Documents\GitHub\COS326\Practical 1\u20734621\Source\objectdb-2.8.7\objectdb.conf

[2022-08-17 15:47:54 #3 type] 
Type Student is not enhanced.

[2022-08-17 15:47:54 #4 type] 
Type Practical is not enhanced.

[2022-08-17 15:47:58 #5 store] 
Database 'C:\Users\matth\Documents\GitHub\COS326\Practical 1\u20734621\Source\u20734621_Practical_1\p2.odb' is closed by 61396@LAPTOP-7QGCNNPB

------------------------------------------------------------------------------------------------------------------------

[2022-08-17 15:48:07 #1 store] 
Database 'C:\Users\matth\Documents\GitHub\COS326\Practical 1\u20734621\Source\u20734621_Practical_1\p2.odb' is opened by 40836@LAPTOP-7QGCNNPB

[2022-08-17 15:48:07 #2 store] 
Configuration path: C:\Users\matth\Documents\GitHub\COS326\Practical 1\u20734621\Source\objectdb-2.8.7\objectdb.conf

[2022-08-17 15:48:07 #3 type] 
Type Student is not enhanced.

[2022-08-17 15:48:07 #4 type] 
Type Practical is not enhanced.

[2022-08-17 15:48:16 #5 store] 
Database 'C:\Users\matth\Documents\GitHub\COS326\Practical 1\u20734621\Source\u20734621_Practical_1\p2.odb' is closed by 40836@LAPTOP-7QGCNNPB

------------------------------------------------------------------------------------------------------------------------

[2022-08-17 15:49:27 #1 store] 
Database 'C:\Users\matth\Documents\GitHub\COS326\Practical 1\u20734621\Source\u20734621_Practical_1\p2.odb' is opened by 31844@LAPTOP-7QGCNNPB

[2022-08-17 15:49:27 #2 store] 
Configuration path: C:\Users\matth\Documents\GitHub\COS326\Practical 1\u20734621\Source\objectdb-2.8.7\objectdb.conf

[2022-08-17 15:49:45 #3 store] 
Database 'C:\Users\matth\Documents\GitHub\COS326\Practical 1\u20734621\Source\u20734621_Practical_1\p2.odb' is closed by 31844@LAPTOP-7QGCNNPB

------------------------------------------------------------------------------------------------------------------------

[2022-08-17 15:49:46 #1 store] 
Database 'C:\Users\matth\Documents\GitHub\COS326\Practical 1\u20734621\Source\u20734621_Practical_1\p2.odb' is opened by 23332@LAPTOP-7QGCNNPB

[2022-08-17 15:49:46 #2 store] 
Configuration path: C:\Users\matth\Documents\GitHub\COS326\Practical 1\u20734621\Source\objectdb-2.8.7\objectdb.conf

[2022-08-17 15:49:46 #3 type] 
Type Student is not enhanced.

[2022-08-17 15:49:46 #4 type] 
Type Practical is not enhanced.

------------------------------------------------------------------------------------------------------------------------

[2022-08-17 15:49:50 #1 store] 
Database 'C:\Users\matth\Documents\GitHub\COS326\Practical 1\u20734621\Source\u20734621_Practical_1\p2.odb' is opened by 54728@LAPTOP-7QGCNNPB

[2022-08-17 15:49:50 #2 store] 
Configuration path: C:\Users\matth\Documents\GitHub\COS326\Practical 1\u20734621\Source\objectdb-2.8.7\objectdb.conf

[2022-08-17 15:49:51 #3 type] 
Type Student is not enhanced.

[2022-08-17 15:49:51 #4 type] 
Type Practical is not enhanced.

[2022-08-17 15:50:42 #5 store] 
Database 'C:\Users\matth\Documents\GitHub\COS326\Practical 1\u20734621\Source\u20734621_Practical_1\p2.odb' is closed by 54728@LAPTOP-7QGCNNPB

------------------------------------------------------------------------------------------------------------------------

[2022-08-17 15:51:14 #1 store] 
Database 'C:\Users\matth\Documents\GitHub\COS326\Practical 1\u20734621\Source\u20734621_Practical_1\p2.odb' is opened by 60712@LAPTOP-7QGCNNPB

[2022-08-17 15:51:14 #2 store] 
Configuration path: C:\Users\matth\Documents\GitHub\COS326\Practical 1\u20734621\Source\objectdb-2.8.7\objectdb.conf

[2022-08-17 15:51:14 #3 type] 
Type Student is not enhanced.

[2022-08-17 15:51:14 #4 type] 
Type Practical is not enhanced.

[2022-08-17 15:51:54 #5 store] 
Database 'C:\Users\matth\Documents\GitHub\COS326\Practical 1\u20734621\Source\u20734621_Practical_1\p2.odb' is closed by 60712@LAPTOP-7QGCNNPB

------------------------------------------------------------------------------------------------------------------------

[2022-08-17 17:31:17 #1 store] 
Database 'C:\Users\matth\Documents\GitHub\COS326\Practical 1\u20734621\Source\u20734621_Practical_1\p2.odb' is opened by 53684@LAPTOP-7QGCNNPB

[2022-08-17 17:31:17 #2 store] 
Configuration path: C:\Users\matth\Documents\GitHub\COS326\Practical 1\u20734621\Source\objectdb-2.8.7\objectdb.conf

[2022-08-17 17:31:17 #3 type] 
Type Student is not enhanced.

[2022-08-17 17:31:17 #4 type] 
Type Practical is not enhanced.

[2022-08-17 17:39:57 #5 store] 
Database 'C:\Users\matth\Documents\GitHub\COS326\Practical 1\u20734621\Source\u20734621_Practical_1\p2.odb' is closed by 53684@LAPTOP-7QGCNNPB

------------------------------------------------------------------------------------------------------------------------

[2022-08-17 19:01:31 #1 store] 
Database 'C:\Users\matth\Documents\GitHub\COS326\Practical 1\u20734621\Source\u20734621_Practical_1\p2.odb' is opened by 10524@LAPTOP-7QGCNNPB

[2022-08-17 19:01:31 #2 store] 
Configuration path: C:\Users\matth\Documents\GitHub\COS326\Practical 1\u20734621\Source\objectdb-2.8.7\objectdb.conf

[2022-08-17 19:01:31 #3 type] 
Type Student is not enhanced.

[2022-08-17 19:01:31 #4 type] 
Type Practical is not enhanced.

[2022-08-17 19:01:53 #5 store] 
Database 'C:\Users\matth\Documents\GitHub\COS326\Practical 1\u20734621\Source\u20734621_Practical_1\p2.odb' is closed by 10524@LAPTOP-7QGCNNPB

------------------------------------------------------------------------------------------------------------------------

[2022-08-17 19:03:02 #1 store] 
Database 'C:\Users\matth\Documents\GitHub\COS326\Practical 1\u20734621\Source\u20734621_Practical_1\p2.odb' is opened by 17600@LAPTOP-7QGCNNPB

[2022-08-17 19:03:02 #2 store] 
Configuration path: C:\Users\matth\Documents\GitHub\COS326\Practical 1\u20734621\Source\objectdb-2.8.7\objectdb.conf

[2022-08-17 19:03:02 #3 type] 
Type Student is not enhanced.

[2022-08-17 19:03:02 #4 type] 
Type Practical is not enhanced.

------------------------------------------------------------------------------------------------------------------------

[2022-08-17 19:03:56 #1 store] 
Database 'C:\Users\matth\Documents\GitHub\COS326\Practical 1\u20734621\Source\u20734621_Practical_1\p2.odb' is opened by 45832@LAPTOP-7QGCNNPB

[2022-08-17 19:03:56 #2 store] 
Configuration path: C:\Users\matth\Documents\GitHub\COS326\Practical 1\u20734621\Source\objectdb-2.8.7\objectdb.conf

[2022-08-17 19:03:56 #3 type] 
Type Student is not enhanced.

[2022-08-17 19:03:56 #4 type] 
Type Practical is not enhanced.

[2022-08-17 19:05:25 #5 store] 
Database 'C:\Users\matth\Documents\GitHub\COS326\Practical 1\u20734621\Source\u20734621_Practical_1\p2.odb' is closed by 45832@LAPTOP-7QGCNNPB

------------------------------------------------------------------------------------------------------------------------

[2022-08-17 19:06:00 #1 store] 
Database 'C:\Users\matth\Documents\GitHub\COS326\Practical 1\u20734621\Source\u20734621_Practical_1\p2.odb' is opened by 61236@LAPTOP-7QGCNNPB

[2022-08-17 19:06:00 #2 store] 
Configuration path: C:\Users\matth\Documents\GitHub\COS326\Practical 1\u20734621\Source\objectdb-2.8.7\objectdb.conf

[2022-08-17 19:06:01 #3 type] 
Type Student is not enhanced.

[2022-08-17 19:06:01 #4 type] 
Type Practical is not enhanced.

[2022-08-17 19:06:05 #5 store] 
Database 'C:\Users\matth\Documents\GitHub\COS326\Practical 1\u20734621\Source\u20734621_Practical_1\p2.odb' is closed by 61236@LAPTOP-7QGCNNPB

------------------------------------------------------------------------------------------------------------------------

[2022-08-17 19:06:14 #1 store] 
Database 'C:\Users\matth\Documents\GitHub\COS326\Practical 1\u20734621\Source\u20734621_Practical_1\p2.odb' is opened by 15124@LAPTOP-7QGCNNPB

[2022-08-17 19:06:14 #2 store] 
Configuration path: C:\Users\matth\Documents\GitHub\COS326\Practical 1\u20734621\Source\objectdb-2.8.7\objectdb.conf

[2022-08-17 19:06:14 #3 type] 
Type Student is not enhanced.

[2022-08-17 19:06:14 #4 type] 
Type Practical is not enhanced.

------------------------------------------------------------------------------------------------------------------------

[2022-08-17 19:09:07 #1 store] 
Database 'C:\Users\matth\Documents\GitHub\COS326\Practical 1\u20734621\Source\u20734621_Practical_1\p2.odb' has been recovered (tr. 19-20)

[2022-08-17 19:09:07 #2 store] 
Database 'C:\Users\matth\Documents\GitHub\COS326\Practical 1\u20734621\Source\u20734621_Practical_1\p2.odb' is opened by 50840@LAPTOP-7QGCNNPB

[2022-08-17 19:09:07 #3 store] 
Configuration path: C:\Users\matth\Documents\GitHub\COS326\Practical 1\u20734621\Source\objectdb-2.8.7\objectdb.conf

[2022-08-17 19:09:07 #4 type] 
Type Student is not enhanced.

[2022-08-17 19:09:07 #5 type] 
Type Practical is not enhanced.

[2022-08-17 19:09:14 #6 store] 
Database 'C:\Users\matth\Documents\GitHub\COS326\Practical 1\u20734621\Source\u20734621_Practical_1\p2.odb' is closed by 50840@LAPTOP-7QGCNNPB

------------------------------------------------------------------------------------------------------------------------

[2022-08-17 19:09:32 #1 store] 
Database 'C:\Users\matth\Documents\GitHub\COS326\Practical 1\u20734621\Source\u20734621_Practical_1\p2.odb' is opened by 54828@LAPTOP-7QGCNNPB

[2022-08-17 19:09:32 #2 store] 
Configuration path: C:\Users\matth\Documents\GitHub\COS326\Practical 1\u20734621\Source\objectdb-2.8.7\objectdb.conf

[2022-08-17 19:09:32 #3 type] 
Type Student is not enhanced.

[2022-08-17 19:09:32 #4 type] 
Type Practical is not enhanced.

[2022-08-17 19:09:57 #5 store] 
Database 'C:\Users\matth\Documents\GitHub\COS326\Practical 1\u20734621\Source\u20734621_Practical_1\p2.odb' is closed by 54828@LAPTOP-7QGCNNPB

------------------------------------------------------------------------------------------------------------------------

[2022-08-17 19:10:19 #1 store] 
Database 'C:\Users\matth\Documents\GitHub\COS326\Practical 1\u20734621\Source\u20734621_Practical_1\p2.odb' is opened by 4492@LAPTOP-7QGCNNPB

[2022-08-17 19:10:19 #2 store] 
Configuration path: C:\Users\matth\Documents\GitHub\COS326\Practical 1\u20734621\Source\objectdb-2.8.7\objectdb.conf

[2022-08-17 19:10:19 #3 type] 
Type Student is not enhanced.

[2022-08-17 19:10:19 #4 type] 
Type Practical is not enhanced.

------------------------------------------------------------------------------------------------------------------------

[2022-08-17 19:11:11 #1 store] 
Database 'C:\Users\matth\Documents\GitHub\COS326\Practical 1\u20734621\Source\u20734621_Practical_1\p2.odb' has been recovered (tr. 23-23)

[2022-08-17 19:11:11 #2 store] 
Database 'C:\Users\matth\Documents\GitHub\COS326\Practical 1\u20734621\Source\u20734621_Practical_1\p2.odb' is opened by 49500@LAPTOP-7QGCNNPB

[2022-08-17 19:11:11 #3 store] 
Configuration path: C:\Users\matth\Documents\GitHub\COS326\Practical 1\u20734621\Source\objectdb-2.8.7\objectdb.conf

[2022-08-17 19:11:11 #4 type] 
Type Student is not enhanced.

[2022-08-17 19:11:11 #5 type] 
Type Practical is not enhanced.

------------------------------------------------------------------------------------------------------------------------

[2022-08-17 19:12:38 #1 store] 
Database 'C:\Users\matth\Documents\GitHub\COS326\Practical 1\u20734621\Source\u20734621_Practical_1\p2.odb' is opened by 23936@LAPTOP-7QGCNNPB

[2022-08-17 19:12:38 #2 store] 
Configuration path: C:\Users\matth\Documents\GitHub\COS326\Practical 1\u20734621\Source\objectdb-2.8.7\objectdb.conf

[2022-08-17 19:12:38 #3 type] 
Type Student is not enhanced.

[2022-08-17 19:12:38 #4 type] 
Type Practical is not enhanced.

------------------------------------------------------------------------------------------------------------------------

[2022-08-17 19:13:45 #1 store] 
Database 'C:\Users\matth\Documents\GitHub\COS326\Practical 1\u20734621\Source\u20734621_Practical_1\p2.odb' is opened by 59260@LAPTOP-7QGCNNPB

[2022-08-17 19:13:45 #2 store] 
Configuration path: C:\Users\matth\Documents\GitHub\COS326\Practical 1\u20734621\Source\objectdb-2.8.7\objectdb.conf

[2022-08-17 19:13:45 #3 type] 
Type Student is not enhanced.

[2022-08-17 19:13:45 #4 type] 
Type Practical is not enhanced.

------------------------------------------------------------------------------------------------------------------------

[2022-08-17 19:14:34 #1 store] 
Database 'C:\Users\matth\Documents\GitHub\COS326\Practical 1\u20734621\Source\u20734621_Practical_1\p2.odb' has been recovered (tr. 24-24)

[2022-08-17 19:14:35 #2 store] 
Database 'C:\Users\matth\Documents\GitHub\COS326\Practical 1\u20734621\Source\u20734621_Practical_1\p2.odb' is opened by 57980@LAPTOP-7QGCNNPB

[2022-08-17 19:14:35 #3 store] 
Configuration path: C:\Users\matth\Documents\GitHub\COS326\Practical 1\u20734621\Source\objectdb-2.8.7\objectdb.conf

[2022-08-17 19:14:35 #4 type] 
Type Student is not enhanced.

[2022-08-17 19:14:35 #5 type] 
Type Practical is not enhanced.

------------------------------------------------------------------------------------------------------------------------

[2022-08-17 19:15:35 #1 store] 
Database 'C:\Users\matth\Documents\GitHub\COS326\Practical 1\u20734621\Source\u20734621_Practical_1\p2.odb' is opened by 10328@LAPTOP-7QGCNNPB

[2022-08-17 19:15:35 #2 store] 
Configuration path: C:\Users\matth\Documents\GitHub\COS326\Practical 1\u20734621\Source\objectdb-2.8.7\objectdb.conf

[2022-08-17 19:15:35 #3 type] 
Type Student is not enhanced.

[2022-08-17 19:15:35 #4 type] 
Type Practical is not enhanced.

------------------------------------------------------------------------------------------------------------------------

[2022-08-17 19:17:12 #1 store] 
Database 'C:\Users\matth\Documents\GitHub\COS326\Practical 1\u20734621\Source\u20734621_Practical_1\p2.odb' is opened by 55136@LAPTOP-7QGCNNPB

[2022-08-17 19:17:12 #2 store] 
Configuration path: C:\Users\matth\Documents\GitHub\COS326\Practical 1\u20734621\Source\objectdb-2.8.7\objectdb.conf

[2022-08-17 19:17:12 #3 type] 
Type Student is not enhanced.

[2022-08-17 19:17:12 #4 type] 
Type Practical is not enhanced.

[2022-08-17 19:17:22 #5 store] 
Database 'C:\Users\matth\Documents\GitHub\COS326\Practical 1\u20734621\Source\u20734621_Practical_1\p2.odb' is closed by 55136@LAPTOP-7QGCNNPB

------------------------------------------------------------------------------------------------------------------------

[2022-08-17 19:18:12 #1 store] 
Database 'C:\Users\matth\Documents\GitHub\COS326\Practical 1\u20734621\Source\u20734621_Practical_1\p2.odb' is opened by 53292@LAPTOP-7QGCNNPB

[2022-08-17 19:18:12 #2 store] 
Configuration path: C:\Users\matth\Documents\GitHub\COS326\Practical 1\u20734621\Source\objectdb-2.8.7\objectdb.conf

[2022-08-17 19:18:34 #3 store] 
Database 'C:\Users\matth\Documents\GitHub\COS326\Practical 1\u20734621\Source\u20734621_Practical_1\p2.odb' is closed by 53292@LAPTOP-7QGCNNPB

------------------------------------------------------------------------------------------------------------------------

[2022-08-17 19:22:00 #1 store] 
Database 'C:\Users\matth\Documents\GitHub\COS326\Practical 1\u20734621\Source\u20734621_Practical_1\p2.odb' is opened by 37960@LAPTOP-7QGCNNPB

[2022-08-17 19:22:00 #2 store] 
Configuration path: C:\Users\matth\Documents\GitHub\COS326\Practical 1\u20734621\Source\objectdb-2.8.7\objectdb.conf

[2022-08-17 19:22:00 #3 type] 
Type Student is not enhanced.

[2022-08-17 19:22:00 #4 type] 
Type Practical is not enhanced.

[2022-08-17 19:22:10 #5 store] 
Database 'C:\Users\matth\Documents\GitHub\COS326\Practical 1\u20734621\Source\u20734621_Practical_1\p2.odb' is closed by 37960@LAPTOP-7QGCNNPB

------------------------------------------------------------------------------------------------------------------------

[2022-08-17 19:22:13 #1 store] 
Database 'C:\Users\matth\Documents\GitHub\COS326\Practical 1\u20734621\Source\u20734621_Practical_1\p2.odb' is opened by 32424@LAPTOP-7QGCNNPB

[2022-08-17 19:22:13 #2 store] 
Configuration path: C:\Users\matth\Documents\GitHub\COS326\Practical 1\u20734621\Source\objectdb-2.8.7\objectdb.conf

[2022-08-17 19:34:44 #3 store] 
Database 'C:\Users\matth\Documents\GitHub\COS326\Practical 1\u20734621\Source\u20734621_Practical_1\p2.odb' is closed by 32424@LAPTOP-7QGCNNPB

------------------------------------------------------------------------------------------------------------------------

[2022-08-17 19:34:52 #1 store] 
Database 'C:\Users\matth\Documents\GitHub\COS326\Practical 1\u20734621\Source\u20734621_Practical_1\p2.odb' is opened by 27048@LAPTOP-7QGCNNPB

[2022-08-17 19:34:52 #2 store] 
Configuration path: C:\Users\matth\Documents\GitHub\COS326\Practical 1\u20734621\Source\objectdb-2.8.7\objectdb.conf

[2022-08-17 19:34:52 #3 type] 
Type Student is not enhanced.

[2022-08-17 19:34:52 #4 type] 
Type Practical is not enhanced.

[2022-08-17 19:35:07 #5 store] 
Database 'C:\Users\matth\Documents\GitHub\COS326\Practical 1\u20734621\Source\u20734621_Practical_1\p2.odb' is closed by 27048@LAPTOP-7QGCNNPB

------------------------------------------------------------------------------------------------------------------------

[2022-08-17 19:35:11 #1 store] 
Database 'C:\Users\matth\Documents\GitHub\COS326\Practical 1\u20734621\Source\u20734621_Practical_1\p2.odb' is opened by 1008@LAPTOP-7QGCNNPB

[2022-08-17 19:35:11 #2 store] 
Configuration path: C:\Users\matth\Documents\GitHub\COS326\Practical 1\u20734621\Source\objectdb-2.8.7\objectdb.conf

[2022-08-17 19:45:00 #3 store] 
Database 'C:\Users\matth\Documents\GitHub\COS326\Practical 1\u20734621\Source\u20734621_Practical_1\p2.odb' is closed by 1008@LAPTOP-7QGCNNPB

------------------------------------------------------------------------------------------------------------------------

[2022-08-17 19:45:07 #1 store] 
Database 'C:\Users\matth\Documents\GitHub\COS326\Practical 1\u20734621\Source\u20734621_Practical_1\p2.odb' is opened by 48944@LAPTOP-7QGCNNPB

[2022-08-17 19:45:07 #2 store] 
Configuration path: C:\Users\matth\Documents\GitHub\COS326\Practical 1\u20734621\Source\objectdb-2.8.7\objectdb.conf

[2022-08-17 19:45:07 #3 type] 
Type Student is not enhanced.

[2022-08-17 19:45:07 #4 type] 
Type Practical is not enhanced.

[2022-08-17 19:45:21 #5 store] 
Database 'C:\Users\matth\Documents\GitHub\COS326\Practical 1\u20734621\Source\u20734621_Practical_1\p2.odb' is closed by 48944@LAPTOP-7QGCNNPB

------------------------------------------------------------------------------------------------------------------------

[2022-08-17 19:45:39 #1 store] 
Database 'C:\Users\matth\Documents\GitHub\COS326\Practical 1\u20734621\Source\u20734621_Practical_1\p2.odb' is opened by 9656@LAPTOP-7QGCNNPB

[2022-08-17 19:45:39 #2 store] 
Configuration path: C:\Users\matth\Documents\GitHub\COS326\Practical 1\u20734621\Source\objectdb-2.8.7\objectdb.conf

[2022-08-17 19:45:39 #3 type] 
Type Student is not enhanced.

[2022-08-17 19:45:39 #4 type] 
Type Practical is not enhanced.

[2022-08-17 19:46:02 #5 store] 
Database 'C:\Users\matth\Documents\GitHub\COS326\Practical 1\u20734621\Source\u20734621_Practical_1\p2.odb' is closed by 9656@LAPTOP-7QGCNNPB

------------------------------------------------------------------------------------------------------------------------

[2022-08-17 19:50:15 #1 store] 
Database 'C:\Users\matth\Documents\GitHub\COS326\Practical 1\u20734621\Source\u20734621_Practical_1\p2.odb' is opened by 5448@LAPTOP-7QGCNNPB

[2022-08-17 19:50:15 #2 store] 
Configuration path: C:\Users\matth\Documents\GitHub\COS326\Practical 1\u20734621\Source\objectdb-2.8.7\objectdb.conf

[2022-08-17 19:50:15 #3 type] 
Type Student is not enhanced.

[2022-08-17 19:50:15 #4 type] 
Type Practical is not enhanced.

------------------------------------------------------------------------------------------------------------------------

[2022-08-17 19:50:59 #1 store] 
Database 'C:\Users\matth\Documents\GitHub\COS326\Practical 1\u20734621\Source\u20734621_Practical_1\p2.odb' is opened by 50880@LAPTOP-7QGCNNPB

[2022-08-17 19:50:59 #2 store] 
Configuration path: C:\Users\matth\Documents\GitHub\COS326\Practical 1\u20734621\Source\objectdb-2.8.7\objectdb.conf

[2022-08-17 19:50:59 #3 type] 
Type Student is not enhanced.

[2022-08-17 19:50:59 #4 type] 
Type Practical is not enhanced.

------------------------------------------------------------------------------------------------------------------------

[2022-08-17 19:57:22 #1 store] 
Database 'C:\Users\matth\Documents\GitHub\COS326\Practical 1\u20734621\Source\u20734621_Practical_1\p2.odb' has been recovered (tr. 32-32)

[2022-08-17 19:57:22 #2 store] 
Database 'C:\Users\matth\Documents\GitHub\COS326\Practical 1\u20734621\Source\u20734621_Practical_1\p2.odb' is opened by 48636@LAPTOP-7QGCNNPB

[2022-08-17 19:57:22 #3 store] 
Configuration path: C:\Users\matth\Documents\GitHub\COS326\Practical 1\u20734621\Source\objectdb-2.8.7\objectdb.conf

[2022-08-17 19:57:22 #4 type] 
Type Student is not enhanced.

[2022-08-17 19:57:22 #5 type] 
Type Practical is not enhanced.

[2022-08-17 19:59:54 #6 store] 
Database 'C:\Users\matth\Documents\GitHub\COS326\Practical 1\u20734621\Source\u20734621_Practical_1\p2.odb' is closed by 48636@LAPTOP-7QGCNNPB

------------------------------------------------------------------------------------------------------------------------

[2022-08-17 20:05:01 #1 store] 
Database 'C:\Users\matth\Documents\GitHub\COS326\Practical 1\u20734621\Source\u20734621_Practical_1\p2.odb' is opened by 57496@LAPTOP-7QGCNNPB

[2022-08-17 20:05:01 #2 store] 
Configuration path: C:\Users\matth\Documents\GitHub\COS326\Practical 1\u20734621\Source\objectdb-2.8.7\objectdb.conf

[2022-08-17 20:05:01 #3 type] 
Type Student is not enhanced.

[2022-08-17 20:05:01 #4 type] 
Type Practical is not enhanced.

------------------------------------------------------------------------------------------------------------------------

[2022-08-17 20:09:28 #1 store] 
Database 'C:\Users\matth\Documents\GitHub\COS326\Practical 1\u20734621\Source\u20734621_Practical_1\p2.odb' has been recovered (tr. 54-55)

[2022-08-17 20:09:28 #2 store] 
Database 'C:\Users\matth\Documents\GitHub\COS326\Practical 1\u20734621\Source\u20734621_Practical_1\p2.odb' is opened by 20500@LAPTOP-7QGCNNPB

[2022-08-17 20:09:28 #3 store] 
Configuration path: C:\Users\matth\Documents\GitHub\COS326\Practical 1\u20734621\Source\objectdb-2.8.7\objectdb.conf

[2022-08-17 20:09:28 #4 type] 
Type Student is not enhanced.

[2022-08-17 20:09:28 #5 type] 
Type Practical is not enhanced.

[2022-08-17 20:09:30 #6 store] 
Database 'C:\Users\matth\Documents\GitHub\COS326\Practical 1\u20734621\Source\u20734621_Practical_1\p2.odb' is closed by 20500@LAPTOP-7QGCNNPB

------------------------------------------------------------------------------------------------------------------------

[2022-08-17 20:09:46 #1 store] 
Database 'C:\Users\matth\Documents\GitHub\COS326\Practical 1\u20734621\Source\u20734621_Practical_1\p2.odb' is opened by 51180@LAPTOP-7QGCNNPB

[2022-08-17 20:09:46 #2 store] 
Configuration path: C:\Users\matth\Documents\GitHub\COS326\Practical 1\u20734621\Source\objectdb-2.8.7\objectdb.conf

[2022-08-17 20:09:46 #3 type] 
Type Student is not enhanced.

[2022-08-17 20:09:46 #4 type] 
Type Practical is not enhanced.

------------------------------------------------------------------------------------------------------------------------

[2022-08-17 20:12:05 #1 store] 
Database 'C:\Users\matth\Documents\GitHub\COS326\Practical 1\u20734621\Source\u20734621_Practical_1\p2.odb' has been recovered (tr. 56-63)

[2022-08-17 20:12:05 #2 store] 
Database 'C:\Users\matth\Documents\GitHub\COS326\Practical 1\u20734621\Source\u20734621_Practical_1\p2.odb' is opened by 2824@LAPTOP-7QGCNNPB

[2022-08-17 20:12:05 #3 store] 
Configuration path: C:\Users\matth\Documents\GitHub\COS326\Practical 1\u20734621\Source\objectdb-2.8.7\objectdb.conf

[2022-08-17 20:12:05 #4 type] 
Type Student is not enhanced.

[2022-08-17 20:12:05 #5 type] 
Type Practical is not enhanced.

------------------------------------------------------------------------------------------------------------------------

[2022-08-17 20:13:37 #1 store] 
Database 'C:\Users\matth\Documents\GitHub\COS326\Practical 1\u20734621\Source\u20734621_Practical_1\p2.odb' has been recovered (tr. 64-66)

[2022-08-17 20:13:37 #2 store] 
Database 'C:\Users\matth\Documents\GitHub\COS326\Practical 1\u20734621\Source\u20734621_Practical_1\p2.odb' is opened by 2192@LAPTOP-7QGCNNPB

[2022-08-17 20:13:37 #3 store] 
Configuration path: C:\Users\matth\Documents\GitHub\COS326\Practical 1\u20734621\Source\objectdb-2.8.7\objectdb.conf

[2022-08-17 20:13:37 #4 type] 
Type Student is not enhanced.

[2022-08-17 20:13:37 #5 type] 
Type Practical is not enhanced.

------------------------------------------------------------------------------------------------------------------------

[2022-08-17 20:14:33 #1 store] 
Database 'C:\Users\matth\Documents\GitHub\COS326\Practical 1\u20734621\Source\u20734621_Practical_1\p2.odb' is opened by 15460@LAPTOP-7QGCNNPB

[2022-08-17 20:14:33 #2 store] 
Configuration path: C:\Users\matth\Documents\GitHub\COS326\Practical 1\u20734621\Source\objectdb-2.8.7\objectdb.conf

[2022-08-17 20:14:33 #3 type] 
Type Student is not enhanced.

[2022-08-17 20:14:33 #4 type] 
Type Practical is not enhanced.

------------------------------------------------------------------------------------------------------------------------

[2022-08-17 20:15:58 #1 store] 
Database 'C:\Users\matth\Documents\GitHub\COS326\Practical 1\u20734621\Source\u20734621_Practical_1\p2.odb' is opened by 55556@LAPTOP-7QGCNNPB

[2022-08-17 20:15:58 #2 store] 
Configuration path: C:\Users\matth\Documents\GitHub\COS326\Practical 1\u20734621\Source\objectdb-2.8.7\objectdb.conf

[2022-08-17 20:15:58 #3 type] 
Type Student is not enhanced.

[2022-08-17 20:15:58 #4 type] 
Type Practical is not enhanced.

------------------------------------------------------------------------------------------------------------------------

[2022-08-17 20:16:16 #1 store] 
Database 'C:\Users\matth\Documents\GitHub\COS326\Practical 1\u20734621\Source\u20734621_Practical_1\p2.odb' is opened by 50084@LAPTOP-7QGCNNPB

[2022-08-17 20:16:16 #2 store] 
Configuration path: C:\Users\matth\Documents\GitHub\COS326\Practical 1\u20734621\Source\objectdb-2.8.7\objectdb.conf

[2022-08-17 20:16:16 #3 type] 
Type Student is not enhanced.

[2022-08-17 20:16:16 #4 type] 
Type Practical is not enhanced.

------------------------------------------------------------------------------------------------------------------------

[2022-08-17 20:16:58 #1 store] 
Database 'C:\Users\matth\Documents\GitHub\COS326\Practical 1\u20734621\Source\u20734621_Practical_1\p2.odb' is opened by 58188@LAPTOP-7QGCNNPB

[2022-08-17 20:16:58 #2 store] 
Configuration path: C:\Users\matth\Documents\GitHub\COS326\Practical 1\u20734621\Source\objectdb-2.8.7\objectdb.conf

[2022-08-17 20:16:58 #3 type] 
Type Student is not enhanced.

[2022-08-17 20:16:58 #4 type] 
Type Practical is not enhanced.

[2022-08-17 20:17:28 #5 store] 
Database 'C:\Users\matth\Documents\GitHub\COS326\Practical 1\u20734621\Source\u20734621_Practical_1\p2.odb' is closed by 58188@LAPTOP-7QGCNNPB

------------------------------------------------------------------------------------------------------------------------

[2022-08-17 20:17:34 #1 store] 
Database 'C:\Users\matth\Documents\GitHub\COS326\Practical 1\u20734621\Source\u20734621_Practical_1\p2.odb' is opened by 60000@LAPTOP-7QGCNNPB

[2022-08-17 20:17:34 #2 store] 
Configuration path: C:\Users\matth\Documents\GitHub\COS326\Practical 1\u20734621\Source\objectdb-2.8.7\objectdb.conf

[2022-08-17 20:17:34 #3 type] 
Type Student is not enhanced.

[2022-08-17 20:17:34 #4 type] 
Type Practical is not enhanced.

------------------------------------------------------------------------------------------------------------------------

[2022-08-17 20:18:25 #1 store] 
Database 'C:\Users\matth\Documents\GitHub\COS326\Practical 1\u20734621\Source\u20734621_Practical_1\p2.odb' is opened by 20160@LAPTOP-7QGCNNPB

[2022-08-17 20:18:25 #2 store] 
Configuration path: C:\Users\matth\Documents\GitHub\COS326\Practical 1\u20734621\Source\objectdb-2.8.7\objectdb.conf

[2022-08-17 20:18:25 #3 type] 
Type Student is not enhanced.

[2022-08-17 20:18:25 #4 type] 
Type Practical is not enhanced.

[2022-08-17 20:18:47 #5 store] 
Database 'C:\Users\matth\Documents\GitHub\COS326\Practical 1\u20734621\Source\u20734621_Practical_1\p2.odb' is closed by 20160@LAPTOP-7QGCNNPB

------------------------------------------------------------------------------------------------------------------------

[2022-08-17 20:19:09 #1 store] 
Database 'C:\Users\matth\Documents\GitHub\COS326\Practical 1\u20734621\Source\u20734621_Practical_1\p2.odb' is opened by 58212@LAPTOP-7QGCNNPB

[2022-08-17 20:19:09 #2 store] 
Configuration path: C:\Users\matth\Documents\GitHub\COS326\Practical 1\u20734621\Source\objectdb-2.8.7\objectdb.conf

[2022-08-17 20:19:09 #3 type] 
Type Student is not enhanced.

[2022-08-17 20:19:09 #4 type] 
Type Practical is not enhanced.

------------------------------------------------------------------------------------------------------------------------

[2022-08-17 20:23:24 #1 store] 
Database 'C:\Users\matth\Documents\GitHub\COS326\Practical 1\u20734621\Source\u20734621_Practical_1\p2.odb' has been recovered (tr. 69-71)

[2022-08-17 20:23:24 #2 store] 
Database 'C:\Users\matth\Documents\GitHub\COS326\Practical 1\u20734621\Source\u20734621_Practical_1\p2.odb' is opened by 10192@LAPTOP-7QGCNNPB

[2022-08-17 20:23:24 #3 store] 
Configuration path: C:\Users\matth\Documents\GitHub\COS326\Practical 1\u20734621\Source\objectdb-2.8.7\objectdb.conf

[2022-08-17 20:23:24 #4 type] 
Type Student is not enhanced.

[2022-08-17 20:23:24 #5 type] 
Type Practical is not enhanced.

------------------------------------------------------------------------------------------------------------------------

[2022-08-17 20:26:12 #1 store] 
Database 'C:\Users\matth\Documents\GitHub\COS326\Practical 1\u20734621\Source\u20734621_Practical_1\p2.odb' is opened by 60920@LAPTOP-7QGCNNPB

[2022-08-17 20:26:12 #2 store] 
Configuration path: C:\Users\matth\Documents\GitHub\COS326\Practical 1\u20734621\Source\objectdb-2.8.7\objectdb.conf

[2022-08-17 20:26:12 #3 type] 
Type Student is not enhanced.

[2022-08-17 20:26:12 #4 type] 
Type Practical is not enhanced.

------------------------------------------------------------------------------------------------------------------------

[2022-08-17 20:27:05 #1 store] 
Database 'C:\Users\matth\Documents\GitHub\COS326\Practical 1\u20734621\Source\u20734621_Practical_1\p2.odb' has been recovered (tr. 72-77)

[2022-08-17 20:27:05 #2 store] 
Database 'C:\Users\matth\Documents\GitHub\COS326\Practical 1\u20734621\Source\u20734621_Practical_1\p2.odb' is opened by 29612@LAPTOP-7QGCNNPB

[2022-08-17 20:27:05 #3 store] 
Configuration path: C:\Users\matth\Documents\GitHub\COS326\Practical 1\u20734621\Source\objectdb-2.8.7\objectdb.conf

[2022-08-17 20:27:05 #4 type] 
Type Student is not enhanced.

[2022-08-17 20:27:05 #5 type] 
Type Practical is not enhanced.

------------------------------------------------------------------------------------------------------------------------

[2022-08-17 20:28:42 #1 store] 
Database 'C:\Users\matth\Documents\GitHub\COS326\Practical 1\u20734621\Source\u20734621_Practical_1\p2.odb' is opened by 51696@LAPTOP-7QGCNNPB

[2022-08-17 20:28:42 #2 store] 
Configuration path: C:\Users\matth\Documents\GitHub\COS326\Practical 1\u20734621\Source\objectdb-2.8.7\objectdb.conf

[2022-08-17 20:28:42 #3 type] 
Type Student is not enhanced.

[2022-08-17 20:28:42 #4 type] 
Type Practical is not enhanced.

[2022-08-17 20:29:12 #5 store] 
Database 'C:\Users\matth\Documents\GitHub\COS326\Practical 1\u20734621\Source\u20734621_Practical_1\p2.odb' is closed by 51696@LAPTOP-7QGCNNPB

