------------------------------------------------------------------------------------------------------------------------

[2022-08-16 13:41:10 #1 store] 
Database 'C:\Users\matth\Documents\GitHub\COS326\Practical 1\u20734621\Source\p2.odb' is opened by 49876@LAPTOP-7QGCNNPB

[2022-08-16 13:41:10 #2 store] 
Configuration path: C:\Users\matth\Documents\GitHub\COS326\Practical 1\u20734621\Source\objectdb-2.8.7\objectdb.conf

[2022-08-16 13:41:10 #3 type] 
Type Student is not enhanced.

[2022-08-16 13:41:10 #4 type] 
Type Practical is not enhanced.

------------------------------------------------------------------------------------------------------------------------

[2022-08-16 13:44:57 #1 store] 
Database 'C:\Users\matth\Documents\GitHub\COS326\Practical 1\u20734621\Source\p2.odb' has been recovered (tr. 4-4)

[2022-08-16 13:44:57 #2 store] 
Database 'C:\Users\matth\Documents\GitHub\COS326\Practical 1\u20734621\Source\p2.odb' is opened by 57012@LAPTOP-7QGCNNPB

[2022-08-16 13:44:57 #3 store] 
Configuration path: C:\Users\matth\Documents\GitHub\COS326\Practical 1\u20734621\Source\objectdb-2.8.7\objectdb.conf

[2022-08-16 13:44:57 #4 type] 
Type Student is not enhanced.

[2022-08-16 13:44:57 #5 type] 
Type Practical is not enhanced.

[2022-08-16 13:45:03 #6 store] 
Database 'C:\Users\matth\Documents\GitHub\COS326\Practical 1\u20734621\Source\p2.odb' is closed by 57012@LAPTOP-7QGCNNPB

------------------------------------------------------------------------------------------------------------------------

[2022-08-16 14:13:47 #1 store] 
Database 'C:\Users\matth\Documents\GitHub\COS326\Practical 1\u20734621\Source\p2.odb' is opened by 13136@LAPTOP-7QGCNNPB

[2022-08-16 14:13:47 #2 store] 
Configuration path: C:\Users\matth\Documents\GitHub\COS326\Practical 1\u20734621\Source\objectdb-2.8.7\objectdb.conf

[2022-08-16 14:13:47 #3 type] 
Type Student is not enhanced.

[2022-08-16 14:13:47 #4 type] 
Type Practical is not enhanced.

[2022-08-16 14:13:54 #5 store] 
Database 'C:\Users\matth\Documents\GitHub\COS326\Practical 1\u20734621\Source\p2.odb' is closed by 13136@LAPTOP-7QGCNNPB

------------------------------------------------------------------------------------------------------------------------

[2022-08-16 14:14:52 #1 store] 
Database 'C:\Users\matth\Documents\GitHub\COS326\Practical 1\u20734621\Source\p2.odb' is opened by 53572@LAPTOP-7QGCNNPB

[2022-08-16 14:14:52 #2 store] 
Configuration path: C:\Users\matth\Documents\GitHub\COS326\Practical 1\u20734621\Source\objectdb-2.8.7\objectdb.conf

[2022-08-16 14:14:52 #3 type] 
Type Student is not enhanced.

[2022-08-16 14:14:52 #4 type] 
Type Practical is not enhanced.

[2022-08-16 14:15:13 #5 store] 
Database 'C:\Users\matth\Documents\GitHub\COS326\Practical 1\u20734621\Source\p2.odb' is closed by 53572@LAPTOP-7QGCNNPB

------------------------------------------------------------------------------------------------------------------------

[2022-08-16 14:17:16 #1 store] 
Database 'C:\Users\matth\Documents\GitHub\COS326\Practical 1\u20734621\Source\p2.odb' is opened by 34272@LAPTOP-7QGCNNPB

[2022-08-16 14:17:16 #2 store] 
Configuration path: C:\Users\matth\Documents\GitHub\COS326\Practical 1\u20734621\Source\objectdb-2.8.7\objectdb.conf

[2022-08-16 14:17:16 #3 type] 
Type Student is not enhanced.

[2022-08-16 14:17:16 #4 type] 
Type Practical is not enhanced.

[2022-08-16 14:17:21 #5 store] 
Database 'C:\Users\matth\Documents\GitHub\COS326\Practical 1\u20734621\Source\p2.odb' is closed by 34272@LAPTOP-7QGCNNPB

------------------------------------------------------------------------------------------------------------------------

[2022-08-16 14:18:53 #1 store] 
Database 'C:\Users\matth\Documents\GitHub\COS326\Practical 1\u20734621\Source\p2.odb' is opened by 53472@LAPTOP-7QGCNNPB

[2022-08-16 14:18:53 #2 store] 
Configuration path: C:\Users\matth\Documents\GitHub\COS326\Practical 1\u20734621\Source\objectdb-2.8.7\objectdb.conf

[2022-08-16 14:18:53 #3 type] 
Type Student is not enhanced.

[2022-08-16 14:18:53 #4 type] 
Type Practical is not enhanced.

------------------------------------------------------------------------------------------------------------------------

[2022-08-16 14:19:42 #1 store] 
Database 'C:\Users\matth\Documents\GitHub\COS326\Practical 1\u20734621\Source\p2.odb' is opened by 41336@LAPTOP-7QGCNNPB

[2022-08-16 14:19:42 #2 store] 
Configuration path: C:\Users\matth\Documents\GitHub\COS326\Practical 1\u20734621\Source\objectdb-2.8.7\objectdb.conf

[2022-08-16 14:19:42 #3 type] 
Type Student is not enhanced.

[2022-08-16 14:19:42 #4 type] 
Type Practical is not enhanced.

[2022-08-16 14:20:46 #5 store] 
Database 'C:\Users\matth\Documents\GitHub\COS326\Practical 1\u20734621\Source\p2.odb' is closed by 41336@LAPTOP-7QGCNNPB

------------------------------------------------------------------------------------------------------------------------

[2022-08-16 14:20:50 #1 store] 
Database 'C:\Users\matth\Documents\GitHub\COS326\Practical 1\u20734621\Source\p2.odb' is opened by 47048@LAPTOP-7QGCNNPB

[2022-08-16 14:20:50 #2 store] 
Configuration path: C:\Users\matth\Documents\GitHub\COS326\Practical 1\u20734621\Source\objectdb-2.8.7\objectdb.conf

[2022-08-16 14:20:50 #3 type] 
Type Student is not enhanced.

[2022-08-16 14:20:50 #4 type] 
Type Practical is not enhanced.

[2022-08-16 14:20:53 #5 store] 
Database 'C:\Users\matth\Documents\GitHub\COS326\Practical 1\u20734621\Source\p2.odb' is closed by 47048@LAPTOP-7QGCNNPB

------------------------------------------------------------------------------------------------------------------------

[2022-08-16 14:21:26 #1 store] 
Database 'C:\Users\matth\Documents\GitHub\COS326\Practical 1\u20734621\Source\p2.odb' is opened by 37584@LAPTOP-7QGCNNPB

[2022-08-16 14:21:26 #2 store] 
Configuration path: C:\Users\matth\Documents\GitHub\COS326\Practical 1\u20734621\Source\objectdb-2.8.7\objectdb.conf

[2022-08-16 14:21:26 #3 type] 
Type Student is not enhanced.

[2022-08-16 14:21:26 #4 type] 
Type Practical is not enhanced.

[2022-08-16 14:21:29 #5 store] 
Database 'C:\Users\matth\Documents\GitHub\COS326\Practical 1\u20734621\Source\p2.odb' is closed by 37584@LAPTOP-7QGCNNPB

------------------------------------------------------------------------------------------------------------------------

[2022-08-16 14:21:49 #1 store] 
Database 'C:\Users\matth\Documents\GitHub\COS326\Practical 1\u20734621\Source\p2.odb' is opened by 45532@LAPTOP-7QGCNNPB

[2022-08-16 14:21:49 #2 store] 
Configuration path: C:\Users\matth\Documents\GitHub\COS326\Practical 1\u20734621\Source\objectdb-2.8.7\objectdb.conf

[2022-08-16 14:21:49 #3 type] 
Type Student is not enhanced.

[2022-08-16 14:21:49 #4 type] 
Type Practical is not enhanced.

------------------------------------------------------------------------------------------------------------------------

[2022-08-16 14:22:13 #1 store] 
Database 'C:\Users\matth\Documents\GitHub\COS326\Practical 1\u20734621\Source\p2.odb' is opened by 27760@LAPTOP-7QGCNNPB

[2022-08-16 14:22:13 #2 store] 
Configuration path: C:\Users\matth\Documents\GitHub\COS326\Practical 1\u20734621\Source\objectdb-2.8.7\objectdb.conf

[2022-08-16 14:22:13 #3 type] 
Type Student is not enhanced.

[2022-08-16 14:22:13 #4 type] 
Type Practical is not enhanced.

------------------------------------------------------------------------------------------------------------------------

[2022-08-16 14:22:26 #1 store] 
Database 'C:\Users\matth\Documents\GitHub\COS326\Practical 1\u20734621\Source\p2.odb' is opened by 52672@LAPTOP-7QGCNNPB

[2022-08-16 14:22:26 #2 store] 
Configuration path: C:\Users\matth\Documents\GitHub\COS326\Practical 1\u20734621\Source\objectdb-2.8.7\objectdb.conf

[2022-08-16 14:22:26 #3 type] 
Type Student is not enhanced.

[2022-08-16 14:22:26 #4 type] 
Type Practical is not enhanced.

------------------------------------------------------------------------------------------------------------------------

[2022-08-16 14:22:44 #1 store] 
Database 'C:\Users\matth\Documents\GitHub\COS326\Practical 1\u20734621\Source\p2.odb' is opened by 55988@LAPTOP-7QGCNNPB

[2022-08-16 14:22:44 #2 store] 
Configuration path: C:\Users\matth\Documents\GitHub\COS326\Practical 1\u20734621\Source\objectdb-2.8.7\objectdb.conf

[2022-08-16 14:22:44 #3 type] 
Type Student is not enhanced.

[2022-08-16 14:22:44 #4 type] 
Type Practical is not enhanced.

------------------------------------------------------------------------------------------------------------------------

[2022-08-16 14:24:37 #1 store] 
Database 'C:\Users\matth\Documents\GitHub\COS326\Practical 1\u20734621\Source\p2.odb' is opened by 45792@LAPTOP-7QGCNNPB

[2022-08-16 14:24:37 #2 store] 
Configuration path: C:\Users\matth\Documents\GitHub\COS326\Practical 1\u20734621\Source\objectdb-2.8.7\objectdb.conf

[2022-08-16 14:24:37 #3 type] 
Type Student is not enhanced.

[2022-08-16 14:24:37 #4 type] 
Type Practical is not enhanced.

[2022-08-16 14:24:42 #5 store] 
Database 'C:\Users\matth\Documents\GitHub\COS326\Practical 1\u20734621\Source\p2.odb' is closed by 45792@LAPTOP-7QGCNNPB

------------------------------------------------------------------------------------------------------------------------

[2022-08-16 14:26:28 #1 store] 
Database 'C:\Users\matth\Documents\GitHub\COS326\Practical 1\u20734621\Source\p2.odb' is opened by 30140@LAPTOP-7QGCNNPB

[2022-08-16 14:26:28 #2 store] 
Configuration path: C:\Users\matth\Documents\GitHub\COS326\Practical 1\u20734621\Source\objectdb-2.8.7\objectdb.conf

[2022-08-16 14:26:28 #3 type] 
Type Student is not enhanced.

[2022-08-16 14:26:28 #4 type] 
Type Practical is not enhanced.

[2022-08-16 14:26:35 #5 store] 
Database 'C:\Users\matth\Documents\GitHub\COS326\Practical 1\u20734621\Source\p2.odb' is closed by 30140@LAPTOP-7QGCNNPB

------------------------------------------------------------------------------------------------------------------------

[2022-08-16 14:26:49 #1 store] 
Database 'C:\Users\matth\Documents\GitHub\COS326\Practical 1\u20734621\Source\p2.odb' is opened by 32068@LAPTOP-7QGCNNPB

[2022-08-16 14:26:49 #2 store] 
Configuration path: C:\Users\matth\Documents\GitHub\COS326\Practical 1\u20734621\Source\objectdb-2.8.7\objectdb.conf

[2022-08-16 14:26:49 #3 type] 
Type Student is not enhanced.

[2022-08-16 14:26:49 #4 type] 
Type Practical is not enhanced.

[2022-08-16 14:26:52 #5 store] 
Database 'C:\Users\matth\Documents\GitHub\COS326\Practical 1\u20734621\Source\p2.odb' is closed by 32068@LAPTOP-7QGCNNPB

------------------------------------------------------------------------------------------------------------------------

[2022-08-16 14:27:10 #1 store] 
Database 'C:\Users\matth\Documents\GitHub\COS326\Practical 1\u20734621\Source\p2.odb' is opened by 37596@LAPTOP-7QGCNNPB

[2022-08-16 14:27:10 #2 store] 
Configuration path: C:\Users\matth\Documents\GitHub\COS326\Practical 1\u20734621\Source\objectdb-2.8.7\objectdb.conf

[2022-08-16 14:27:10 #3 type] 
Type Student is not enhanced.

[2022-08-16 14:27:10 #4 type] 
Type Practical is not enhanced.

[2022-08-16 14:27:16 #5 store] 
Database 'C:\Users\matth\Documents\GitHub\COS326\Practical 1\u20734621\Source\p2.odb' is closed by 37596@LAPTOP-7QGCNNPB

------------------------------------------------------------------------------------------------------------------------

[2022-08-16 14:28:02 #1 store] 
Database 'C:\Users\matth\Documents\GitHub\COS326\Practical 1\u20734621\Source\p2.odb' is opened by 54184@LAPTOP-7QGCNNPB

[2022-08-16 14:28:02 #2 store] 
Configuration path: C:\Users\matth\Documents\GitHub\COS326\Practical 1\u20734621\Source\objectdb-2.8.7\objectdb.conf

[2022-08-16 14:28:02 #3 type] 
Type Student is not enhanced.

[2022-08-16 14:28:02 #4 type] 
Type Practical is not enhanced.

[2022-08-16 14:28:08 #5 store] 
Database 'C:\Users\matth\Documents\GitHub\COS326\Practical 1\u20734621\Source\p2.odb' is closed by 54184@LAPTOP-7QGCNNPB

------------------------------------------------------------------------------------------------------------------------

[2022-08-16 14:28:36 #1 store] 
Database 'C:\Users\matth\Documents\GitHub\COS326\Practical 1\u20734621\Source\p2.odb' is opened by 50044@LAPTOP-7QGCNNPB

[2022-08-16 14:28:36 #2 store] 
Configuration path: C:\Users\matth\Documents\GitHub\COS326\Practical 1\u20734621\Source\objectdb-2.8.7\objectdb.conf

[2022-08-16 14:28:36 #3 type] 
Type Student is not enhanced.

[2022-08-16 14:28:36 #4 type] 
Type Practical is not enhanced.

------------------------------------------------------------------------------------------------------------------------

[2022-08-16 14:29:00 #1 store] 
Database 'C:\Users\matth\Documents\GitHub\COS326\Practical 1\u20734621\Source\p2.odb' is opened by 13248@LAPTOP-7QGCNNPB

[2022-08-16 14:29:00 #2 store] 
Configuration path: C:\Users\matth\Documents\GitHub\COS326\Practical 1\u20734621\Source\objectdb-2.8.7\objectdb.conf

[2022-08-16 14:29:00 #3 type] 
Type Student is not enhanced.

[2022-08-16 14:29:00 #4 type] 
Type Practical is not enhanced.

------------------------------------------------------------------------------------------------------------------------

[2022-08-16 14:29:16 #1 store] 
Database 'C:\Users\matth\Documents\GitHub\COS326\Practical 1\u20734621\Source\p2.odb' is opened by 40808@LAPTOP-7QGCNNPB

[2022-08-16 14:29:16 #2 store] 
Configuration path: C:\Users\matth\Documents\GitHub\COS326\Practical 1\u20734621\Source\objectdb-2.8.7\objectdb.conf

[2022-08-16 14:29:16 #3 type] 
Type Student is not enhanced.

[2022-08-16 14:29:16 #4 type] 
Type Practical is not enhanced.

------------------------------------------------------------------------------------------------------------------------

[2022-08-16 14:29:28 #1 store] 
Database 'C:\Users\matth\Documents\GitHub\COS326\Practical 1\u20734621\Source\p2.odb' is opened by 26576@LAPTOP-7QGCNNPB

[2022-08-16 14:29:28 #2 store] 
Configuration path: C:\Users\matth\Documents\GitHub\COS326\Practical 1\u20734621\Source\objectdb-2.8.7\objectdb.conf

[2022-08-16 14:29:28 #3 type] 
Type Student is not enhanced.

[2022-08-16 14:29:28 #4 type] 
Type Practical is not enhanced.

------------------------------------------------------------------------------------------------------------------------

[2022-08-16 14:29:36 #1 store] 
Database 'C:\Users\matth\Documents\GitHub\COS326\Practical 1\u20734621\Source\p2.odb' is opened by 42444@LAPTOP-7QGCNNPB

[2022-08-16 14:29:36 #2 store] 
Configuration path: C:\Users\matth\Documents\GitHub\COS326\Practical 1\u20734621\Source\objectdb-2.8.7\objectdb.conf

[2022-08-16 14:29:36 #3 type] 
Type Student is not enhanced.

[2022-08-16 14:29:36 #4 type] 
Type Practical is not enhanced.

------------------------------------------------------------------------------------------------------------------------

[2022-08-16 14:29:44 #1 store] 
Database 'C:\Users\matth\Documents\GitHub\COS326\Practical 1\u20734621\Source\p2.odb' is opened by 15012@LAPTOP-7QGCNNPB

[2022-08-16 14:29:44 #2 store] 
Configuration path: C:\Users\matth\Documents\GitHub\COS326\Practical 1\u20734621\Source\objectdb-2.8.7\objectdb.conf

[2022-08-16 14:29:44 #3 type] 
Type Student is not enhanced.

[2022-08-16 14:29:44 #4 type] 
Type Practical is not enhanced.

------------------------------------------------------------------------------------------------------------------------

[2022-08-16 14:29:54 #1 store] 
Database 'C:\Users\matth\Documents\GitHub\COS326\Practical 1\u20734621\Source\p2.odb' is opened by 52160@LAPTOP-7QGCNNPB

[2022-08-16 14:29:54 #2 store] 
Configuration path: C:\Users\matth\Documents\GitHub\COS326\Practical 1\u20734621\Source\objectdb-2.8.7\objectdb.conf

[2022-08-16 14:29:54 #3 type] 
Type Student is not enhanced.

[2022-08-16 14:29:54 #4 type] 
Type Practical is not enhanced.

------------------------------------------------------------------------------------------------------------------------

[2022-08-16 14:30:01 #1 store] 
Database 'C:\Users\matth\Documents\GitHub\COS326\Practical 1\u20734621\Source\p2.odb' is opened by 46456@LAPTOP-7QGCNNPB

[2022-08-16 14:30:01 #2 store] 
Configuration path: C:\Users\matth\Documents\GitHub\COS326\Practical 1\u20734621\Source\objectdb-2.8.7\objectdb.conf

[2022-08-16 14:30:01 #3 type] 
Type Student is not enhanced.

[2022-08-16 14:30:01 #4 type] 
Type Practical is not enhanced.

------------------------------------------------------------------------------------------------------------------------

[2022-08-16 14:30:07 #1 store] 
Database 'C:\Users\matth\Documents\GitHub\COS326\Practical 1\u20734621\Source\p2.odb' is opened by 50080@LAPTOP-7QGCNNPB

[2022-08-16 14:30:07 #2 store] 
Configuration path: C:\Users\matth\Documents\GitHub\COS326\Practical 1\u20734621\Source\objectdb-2.8.7\objectdb.conf

[2022-08-16 14:30:08 #3 type] 
Type Student is not enhanced.

[2022-08-16 14:30:08 #4 type] 
Type Practical is not enhanced.

[2022-08-16 14:30:11 #5 store] 
Database 'C:\Users\matth\Documents\GitHub\COS326\Practical 1\u20734621\Source\p2.odb' is closed by 50080@LAPTOP-7QGCNNPB

------------------------------------------------------------------------------------------------------------------------

[2022-08-16 14:30:23 #1 store] 
Database 'C:\Users\matth\Documents\GitHub\COS326\Practical 1\u20734621\Source\p2.odb' is opened by 42880@LAPTOP-7QGCNNPB

[2022-08-16 14:30:23 #2 store] 
Configuration path: C:\Users\matth\Documents\GitHub\COS326\Practical 1\u20734621\Source\objectdb-2.8.7\objectdb.conf

[2022-08-16 14:30:23 #3 type] 
Type Student is not enhanced.

[2022-08-16 14:30:23 #4 type] 
Type Practical is not enhanced.

[2022-08-16 14:30:26 #5 store] 
Database 'C:\Users\matth\Documents\GitHub\COS326\Practical 1\u20734621\Source\p2.odb' is closed by 42880@LAPTOP-7QGCNNPB

------------------------------------------------------------------------------------------------------------------------

[2022-08-16 14:30:35 #1 store] 
Database 'C:\Users\matth\Documents\GitHub\COS326\Practical 1\u20734621\Source\p2.odb' is opened by 11248@LAPTOP-7QGCNNPB

[2022-08-16 14:30:35 #2 store] 
Configuration path: C:\Users\matth\Documents\GitHub\COS326\Practical 1\u20734621\Source\objectdb-2.8.7\objectdb.conf

[2022-08-16 14:30:35 #3 type] 
Type Student is not enhanced.

[2022-08-16 14:30:35 #4 type] 
Type Practical is not enhanced.

------------------------------------------------------------------------------------------------------------------------

[2022-08-16 14:30:45 #1 store] 
Database 'C:\Users\matth\Documents\GitHub\COS326\Practical 1\u20734621\Source\p2.odb' is opened by 36544@LAPTOP-7QGCNNPB

[2022-08-16 14:30:45 #2 store] 
Configuration path: C:\Users\matth\Documents\GitHub\COS326\Practical 1\u20734621\Source\objectdb-2.8.7\objectdb.conf

[2022-08-16 14:30:45 #3 type] 
Type Student is not enhanced.

[2022-08-16 14:30:45 #4 type] 
Type Practical is not enhanced.

------------------------------------------------------------------------------------------------------------------------

[2022-08-16 14:30:53 #1 store] 
Database 'C:\Users\matth\Documents\GitHub\COS326\Practical 1\u20734621\Source\p2.odb' is opened by 49036@LAPTOP-7QGCNNPB

[2022-08-16 14:30:53 #2 store] 
Configuration path: C:\Users\matth\Documents\GitHub\COS326\Practical 1\u20734621\Source\objectdb-2.8.7\objectdb.conf

[2022-08-16 14:30:53 #3 type] 
Type Student is not enhanced.

[2022-08-16 14:30:53 #4 type] 
Type Practical is not enhanced.

------------------------------------------------------------------------------------------------------------------------

[2022-08-16 14:31:00 #1 store] 
Database 'C:\Users\matth\Documents\GitHub\COS326\Practical 1\u20734621\Source\p2.odb' is opened by 38800@LAPTOP-7QGCNNPB

[2022-08-16 14:31:00 #2 store] 
Configuration path: C:\Users\matth\Documents\GitHub\COS326\Practical 1\u20734621\Source\objectdb-2.8.7\objectdb.conf

[2022-08-16 14:31:00 #3 type] 
Type Student is not enhanced.

[2022-08-16 14:31:00 #4 type] 
Type Practical is not enhanced.

------------------------------------------------------------------------------------------------------------------------

[2022-08-16 14:31:07 #1 store] 
Database 'C:\Users\matth\Documents\GitHub\COS326\Practical 1\u20734621\Source\p2.odb' is opened by 54132@LAPTOP-7QGCNNPB

[2022-08-16 14:31:07 #2 store] 
Configuration path: C:\Users\matth\Documents\GitHub\COS326\Practical 1\u20734621\Source\objectdb-2.8.7\objectdb.conf

[2022-08-16 14:31:07 #3 type] 
Type Student is not enhanced.

[2022-08-16 14:31:08 #4 type] 
Type Practical is not enhanced.

------------------------------------------------------------------------------------------------------------------------

[2022-08-16 14:31:25 #1 store] 
Database 'C:\Users\matth\Documents\GitHub\COS326\Practical 1\u20734621\Source\p2.odb' is opened by 57944@LAPTOP-7QGCNNPB

[2022-08-16 14:31:25 #2 store] 
Configuration path: C:\Users\matth\Documents\GitHub\COS326\Practical 1\u20734621\Source\objectdb-2.8.7\objectdb.conf

[2022-08-16 14:31:25 #3 type] 
Type Student is not enhanced.

[2022-08-16 14:31:25 #4 type] 
Type Practical is not enhanced.

------------------------------------------------------------------------------------------------------------------------

[2022-08-16 14:32:48 #1 store] 
Database 'C:\Users\matth\Documents\GitHub\COS326\Practical 1\u20734621\Source\p2.odb' is opened by 9484@LAPTOP-7QGCNNPB

[2022-08-16 14:32:48 #2 store] 
Configuration path: C:\Users\matth\Documents\GitHub\COS326\Practical 1\u20734621\Source\objectdb-2.8.7\objectdb.conf

[2022-08-16 14:32:49 #3 type] 
Type Student is not enhanced.

[2022-08-16 14:32:49 #4 type] 
Type Practical is not enhanced.

------------------------------------------------------------------------------------------------------------------------

[2022-08-16 14:32:55 #1 store] 
Database 'C:\Users\matth\Documents\GitHub\COS326\Practical 1\u20734621\Source\p2.odb' is opened by 20704@LAPTOP-7QGCNNPB

[2022-08-16 14:32:55 #2 store] 
Configuration path: C:\Users\matth\Documents\GitHub\COS326\Practical 1\u20734621\Source\objectdb-2.8.7\objectdb.conf

[2022-08-16 14:32:56 #3 type] 
Type Student is not enhanced.

[2022-08-16 14:32:56 #4 type] 
Type Practical is not enhanced.

------------------------------------------------------------------------------------------------------------------------

[2022-08-16 14:33:08 #1 store] 
Database 'C:\Users\matth\Documents\GitHub\COS326\Practical 1\u20734621\Source\p2.odb' is opened by 56504@LAPTOP-7QGCNNPB

[2022-08-16 14:33:08 #2 store] 
Configuration path: C:\Users\matth\Documents\GitHub\COS326\Practical 1\u20734621\Source\objectdb-2.8.7\objectdb.conf

[2022-08-16 14:33:08 #3 type] 
Type Student is not enhanced.

[2022-08-16 14:33:08 #4 type] 
Type Practical is not enhanced.

[2022-08-16 14:33:12 #5 store] 
Database 'C:\Users\matth\Documents\GitHub\COS326\Practical 1\u20734621\Source\p2.odb' is closed by 56504@LAPTOP-7QGCNNPB

------------------------------------------------------------------------------------------------------------------------

[2022-08-16 14:33:18 #1 store] 
Database 'C:\Users\matth\Documents\GitHub\COS326\Practical 1\u20734621\Source\p2.odb' is opened by 57740@LAPTOP-7QGCNNPB

[2022-08-16 14:33:18 #2 store] 
Configuration path: C:\Users\matth\Documents\GitHub\COS326\Practical 1\u20734621\Source\objectdb-2.8.7\objectdb.conf

[2022-08-16 14:33:18 #3 type] 
Type Student is not enhanced.

[2022-08-16 14:33:18 #4 type] 
Type Practical is not enhanced.

[2022-08-16 14:33:24 #5 store] 
Database 'C:\Users\matth\Documents\GitHub\COS326\Practical 1\u20734621\Source\p2.odb' is closed by 57740@LAPTOP-7QGCNNPB

------------------------------------------------------------------------------------------------------------------------

[2022-08-16 14:33:41 #1 store] 
Database 'C:\Users\matth\Documents\GitHub\COS326\Practical 1\u20734621\Source\p2.odb' is opened by 2992@LAPTOP-7QGCNNPB

[2022-08-16 14:33:41 #2 store] 
Configuration path: C:\Users\matth\Documents\GitHub\COS326\Practical 1\u20734621\Source\objectdb-2.8.7\objectdb.conf

[2022-08-16 14:33:41 #3 type] 
Type Student is not enhanced.

[2022-08-16 14:33:41 #4 type] 
Type Practical is not enhanced.

------------------------------------------------------------------------------------------------------------------------

[2022-08-16 14:33:50 #1 store] 
Database 'C:\Users\matth\Documents\GitHub\COS326\Practical 1\u20734621\Source\p2.odb' is opened by 36080@LAPTOP-7QGCNNPB

[2022-08-16 14:33:50 #2 store] 
Configuration path: C:\Users\matth\Documents\GitHub\COS326\Practical 1\u20734621\Source\objectdb-2.8.7\objectdb.conf

[2022-08-16 14:33:51 #3 type] 
Type Student is not enhanced.

[2022-08-16 14:33:51 #4 type] 
Type Practical is not enhanced.

------------------------------------------------------------------------------------------------------------------------

[2022-08-16 14:34:00 #1 store] 
Database 'C:\Users\matth\Documents\GitHub\COS326\Practical 1\u20734621\Source\p2.odb' is opened by 36952@LAPTOP-7QGCNNPB

[2022-08-16 14:34:00 #2 store] 
Configuration path: C:\Users\matth\Documents\GitHub\COS326\Practical 1\u20734621\Source\objectdb-2.8.7\objectdb.conf

[2022-08-16 14:34:00 #3 type] 
Type Student is not enhanced.

[2022-08-16 14:34:00 #4 type] 
Type Practical is not enhanced.

[2022-08-16 14:34:14 #5 store] 
Database 'C:\Users\matth\Documents\GitHub\COS326\Practical 1\u20734621\Source\p2.odb' is closed by 36952@LAPTOP-7QGCNNPB

------------------------------------------------------------------------------------------------------------------------

[2022-08-16 14:35:29 #1 store] 
Database 'C:\Users\matth\Documents\GitHub\COS326\Practical 1\u20734621\Source\p2.odb' is opened by 44024@LAPTOP-7QGCNNPB

[2022-08-16 14:35:29 #2 store] 
Configuration path: C:\Users\matth\Documents\GitHub\COS326\Practical 1\u20734621\Source\objectdb-2.8.7\objectdb.conf

[2022-08-16 14:35:29 #3 type] 
Type Student is not enhanced.

[2022-08-16 14:35:29 #4 type] 
Type Practical is not enhanced.

------------------------------------------------------------------------------------------------------------------------

[2022-08-16 14:36:16 #1 store] 
Database 'C:\Users\matth\Documents\GitHub\COS326\Practical 1\u20734621\Source\p2.odb' is opened by 3284@LAPTOP-7QGCNNPB

[2022-08-16 14:36:16 #2 store] 
Configuration path: C:\Users\matth\Documents\GitHub\COS326\Practical 1\u20734621\Source\objectdb-2.8.7\objectdb.conf

[2022-08-16 14:36:16 #3 type] 
Type Student is not enhanced.

[2022-08-16 14:36:16 #4 type] 
Type Practical is not enhanced.

------------------------------------------------------------------------------------------------------------------------

[2022-08-16 14:36:35 #1 store] 
Database 'C:\Users\matth\Documents\GitHub\COS326\Practical 1\u20734621\Source\p2.odb' is opened by 54984@LAPTOP-7QGCNNPB

[2022-08-16 14:36:35 #2 store] 
Configuration path: C:\Users\matth\Documents\GitHub\COS326\Practical 1\u20734621\Source\objectdb-2.8.7\objectdb.conf

[2022-08-16 14:36:35 #3 type] 
Type Student is not enhanced.

[2022-08-16 14:36:35 #4 type] 
Type Practical is not enhanced.

------------------------------------------------------------------------------------------------------------------------

[2022-08-16 14:36:46 #1 store] 
Database 'C:\Users\matth\Documents\GitHub\COS326\Practical 1\u20734621\Source\p2.odb' is opened by 53628@LAPTOP-7QGCNNPB

[2022-08-16 14:36:46 #2 store] 
Configuration path: C:\Users\matth\Documents\GitHub\COS326\Practical 1\u20734621\Source\objectdb-2.8.7\objectdb.conf

[2022-08-16 14:36:46 #3 type] 
Type Student is not enhanced.

[2022-08-16 14:36:46 #4 type] 
Type Practical is not enhanced.

------------------------------------------------------------------------------------------------------------------------

[2022-08-16 14:37:23 #1 store] 
Database 'C:\Users\matth\Documents\GitHub\COS326\Practical 1\u20734621\Source\p2.odb' is opened by 42108@LAPTOP-7QGCNNPB

[2022-08-16 14:37:23 #2 store] 
Configuration path: C:\Users\matth\Documents\GitHub\COS326\Practical 1\u20734621\Source\objectdb-2.8.7\objectdb.conf

[2022-08-16 14:37:23 #3 type] 
Type Student is not enhanced.

[2022-08-16 14:37:23 #4 type] 
Type Practical is not enhanced.

------------------------------------------------------------------------------------------------------------------------

[2022-08-16 14:37:58 #1 store] 
Database 'C:\Users\matth\Documents\GitHub\COS326\Practical 1\u20734621\Source\p2.odb' is opened by 49704@LAPTOP-7QGCNNPB

[2022-08-16 14:37:58 #2 store] 
Configuration path: C:\Users\matth\Documents\GitHub\COS326\Practical 1\u20734621\Source\objectdb-2.8.7\objectdb.conf

[2022-08-16 14:37:58 #3 type] 
Type Student is not enhanced.

[2022-08-16 14:37:58 #4 type] 
Type Practical is not enhanced.

------------------------------------------------------------------------------------------------------------------------

[2022-08-16 14:38:09 #1 store] 
Database 'C:\Users\matth\Documents\GitHub\COS326\Practical 1\u20734621\Source\p2.odb' is opened by 47944@LAPTOP-7QGCNNPB

[2022-08-16 14:38:09 #2 store] 
Configuration path: C:\Users\matth\Documents\GitHub\COS326\Practical 1\u20734621\Source\objectdb-2.8.7\objectdb.conf

[2022-08-16 14:38:09 #3 type] 
Type Student is not enhanced.

[2022-08-16 14:38:09 #4 type] 
Type Practical is not enhanced.

[2022-08-16 14:39:00 #5 store] 
Database 'C:\Users\matth\Documents\GitHub\COS326\Practical 1\u20734621\Source\p2.odb' is closed by 47944@LAPTOP-7QGCNNPB

------------------------------------------------------------------------------------------------------------------------

[2022-08-16 14:41:31 #1 store] 
Database 'C:\Users\matth\Documents\GitHub\COS326\Practical 1\u20734621\Source\p2.odb' is opened by 23456@LAPTOP-7QGCNNPB

[2022-08-16 14:41:31 #2 store] 
Configuration path: C:\Users\matth\Documents\GitHub\COS326\Practical 1\u20734621\Source\objectdb-2.8.7\objectdb.conf

[2022-08-16 14:41:31 #3 type] 
Type Student is not enhanced.

[2022-08-16 14:41:31 #4 type] 
Type Practical is not enhanced.

------------------------------------------------------------------------------------------------------------------------

[2022-08-16 14:44:50 #1 store] 
Database 'C:\Users\matth\Documents\GitHub\COS326\Practical 1\u20734621\Source\p2.odb' is opened by 61416@LAPTOP-7QGCNNPB

[2022-08-16 14:44:50 #2 store] 
Configuration path: C:\Users\matth\Documents\GitHub\COS326\Practical 1\u20734621\Source\objectdb-2.8.7\objectdb.conf

[2022-08-16 14:44:50 #3 type] 
Type Student is not enhanced.

[2022-08-16 14:44:50 #4 type] 
Type Practical is not enhanced.

------------------------------------------------------------------------------------------------------------------------

[2022-08-16 16:47:33 #1 store] 
Database 'C:\Users\matth\Documents\GitHub\COS326\Practical 1\u20734621\Source\p2.odb' is opened by 59904@LAPTOP-7QGCNNPB

[2022-08-16 16:47:33 #2 store] 
Configuration path: C:\Users\matth\Documents\GitHub\COS326\Practical 1\u20734621\Source\objectdb-2.8.7\objectdb.conf

[2022-08-16 16:47:33 #3 type] 
Type Student is not enhanced.

[2022-08-16 16:47:33 #4 type] 
Type Practical is not enhanced.

[2022-08-16 16:47:43 #5 store] 
Database 'C:\Users\matth\Documents\GitHub\COS326\Practical 1\u20734621\Source\p2.odb' is closed by 59904@LAPTOP-7QGCNNPB

------------------------------------------------------------------------------------------------------------------------

[2022-08-16 16:58:21 #1 store] 
Database 'C:\Users\matth\Documents\GitHub\COS326\Practical 1\u20734621\Source\p2.odb' is opened by 36224@LAPTOP-7QGCNNPB

[2022-08-16 16:58:21 #2 store] 
Configuration path: C:\Users\matth\Documents\GitHub\COS326\Practical 1\u20734621\Source\objectdb-2.8.7\objectdb.conf

[2022-08-16 16:58:21 #3 type] 
Type Student is not enhanced.

[2022-08-16 16:58:21 #4 type] 
Type Practical is not enhanced.

[2022-08-16 16:58:30 #5 store] 
Database 'C:\Users\matth\Documents\GitHub\COS326\Practical 1\u20734621\Source\p2.odb' is closed by 36224@LAPTOP-7QGCNNPB

------------------------------------------------------------------------------------------------------------------------

[2022-08-16 17:06:36 #1 store] 
Database 'C:\Users\matth\Documents\GitHub\COS326\Practical 1\u20734621\Source\p2.odb' is opened by 30704@LAPTOP-7QGCNNPB

[2022-08-16 17:06:36 #2 store] 
Configuration path: C:\Users\matth\Documents\GitHub\COS326\Practical 1\u20734621\Source\objectdb-2.8.7\objectdb.conf

[2022-08-16 17:06:37 #3 type] 
Type Student is not enhanced.

[2022-08-16 17:06:37 #4 type] 
Type Practical is not enhanced.

[2022-08-16 17:07:20 #5 store] 
Database 'C:\Users\matth\Documents\GitHub\COS326\Practical 1\u20734621\Source\p2.odb' is closed by 30704@LAPTOP-7QGCNNPB

